SF:/Users/kbukum/DEV/skillsenselab/rskit/crates/rskit-auth/src/apikey/key.rs
FN:205,_RNCNvNtNtCse119Xhl5TNa_10rskit_auth6apikey3key15validate_prefix0B7_
FN:38,_RNvMNtNtCs39EBjOfa4vQ_10rskit_auth6apikey3keyNtB2_3Key21is_expired_past_grace
FN:100,_RNvNtNtCs39EBjOfa4vQ_10rskit_auth6apikey3key12compare_hash
FN:70,_RNvNtNtCs39EBjOfa4vQ_10rskit_auth6apikey3key8generate
FN:90,_RNvNtNtCs39EBjOfa4vQ_10rskit_auth6apikey3key8hash_key
FN:119,_RNvNtNtCs39EBjOfa4vQ_10rskit_auth6apikey3key8validate
FN:128,_RNvMs1_NtNtCseA4Ma8KPD5_10rskit_auth6apikey3keyNtB5_6Hasher6config
FN:25,_RNvXNtNtCseA4Ma8KPD5_10rskit_auth6apikey3keyNtB2_13HashingConfigNtNtCsl8K0bEFm1U0_4core7default7Default7default
FN:82,_RNvMs0_NtNtCseA4Ma8KPD5_10rskit_auth6apikey3keyNtB5_3Key21is_expired_past_grace
FN:133,_RNvMs1_NtNtCseA4Ma8KPD5_10rskit_auth6apikey3keyNtB5_6Hasher12generate_key
FN:118,_RNvMs1_NtNtCseA4Ma8KPD5_10rskit_auth6apikey3keyNtB5_6Hasher3new
FN:150,_RNvMs1_NtNtCseA4Ma8KPD5_10rskit_auth6apikey3keyNtB5_6Hasher6digest
FN:159,_RNvMs1_NtNtCseA4Ma8KPD5_10rskit_auth6apikey3keyNtB5_6Hasher7compare
FN:35,_RNvMs_NtNtCseA4Ma8KPD5_10rskit_auth6apikey3keyNtB4_13HashingConfig8validate
FN:199,_RNvNtNtCseA4Ma8KPD5_10rskit_auth6apikey3key15validate_prefix
FN:189,_RNvNtNtCseA4Ma8KPD5_10rskit_auth6apikey3key8validate
FN:166,_RNvNtNtCseA4Ma8KPD5_10rskit_auth6apikey3key9split_key
FN:205,_RNCNvNtNtCseA4Ma8KPD5_10rskit_auth6apikey3key15validate_prefix0B7_
FN:219,_RNvNtNtNtCseA4Ma8KPD5_10rskit_auth6apikey3key5testss_30generate_and_compare_roundtrip
FN:231,_RNvNtNtNtCseA4Ma8KPD5_10rskit_auth6apikey3key5testss_34split_key_rejects_malformed_values
FNDA:0,_RNCNvNtNtCse119Xhl5TNa_10rskit_auth6apikey3key15validate_prefix0B7_
FNDA:0,_RNvMNtNtCs39EBjOfa4vQ_10rskit_auth6apikey3keyNtB2_3Key21is_expired_past_grace
FNDA:0,_RNvNtNtCs39EBjOfa4vQ_10rskit_auth6apikey3key12compare_hash
FNDA:0,_RNvNtNtCs39EBjOfa4vQ_10rskit_auth6apikey3key8generate
FNDA:0,_RNvNtNtCs39EBjOfa4vQ_10rskit_auth6apikey3key8hash_key
FNDA:0,_RNvNtNtCs39EBjOfa4vQ_10rskit_auth6apikey3key8validate
FNDA:0,_RNvMs1_NtNtCseA4Ma8KPD5_10rskit_auth6apikey3keyNtB5_6Hasher6config
FNDA:0,_RNvXNtNtCseA4Ma8KPD5_10rskit_auth6apikey3keyNtB2_13HashingConfigNtNtCsl8K0bEFm1U0_4core7default7Default7default
FNDA:2,_RNvMs0_NtNtCseA4Ma8KPD5_10rskit_auth6apikey3keyNtB5_3Key21is_expired_past_grace
FNDA:3,_RNvMs1_NtNtCseA4Ma8KPD5_10rskit_auth6apikey3keyNtB5_6Hasher12generate_key
FNDA:2,_RNvMs1_NtNtCseA4Ma8KPD5_10rskit_auth6apikey3keyNtB5_6Hasher3new
FNDA:5,_RNvMs1_NtNtCseA4Ma8KPD5_10rskit_auth6apikey3keyNtB5_6Hasher6digest
FNDA:2,_RNvMs1_NtNtCseA4Ma8KPD5_10rskit_auth6apikey3keyNtB5_6Hasher7compare
FNDA:2,_RNvMs_NtNtCseA4Ma8KPD5_10rskit_auth6apikey3keyNtB4_13HashingConfig8validate
FNDA:3,_RNvNtNtCseA4Ma8KPD5_10rskit_auth6apikey3key15validate_prefix
FNDA:2,_RNvNtNtCseA4Ma8KPD5_10rskit_auth6apikey3key8validate
FNDA:3,_RNvNtNtCseA4Ma8KPD5_10rskit_auth6apikey3key9split_key
FNDA:6,_RNCNvNtNtCseA4Ma8KPD5_10rskit_auth6apikey3key15validate_prefix0B7_
FNDA:1,_RNvNtNtNtCseA4Ma8KPD5_10rskit_auth6apikey3key5testss_30generate_and_compare_roundtrip
FNDA:1,_RNvNtNtNtCseA4Ma8KPD5_10rskit_auth6apikey3key5testss_34split_key_rejects_malformed_values
FNF:19
FNH:12
DA:25,0
DA:26,0
DA:27,0
DA:28,0
DA:29,0
DA:30,0
DA:35,2
DA:36,2
DA:37,0
DA:38,0
DA:39,0
DA:40,2
DA:41,2
DA:42,0
DA:43,0
DA:44,0
DA:45,2
DA:46,2
DA:47,2
DA:49,0
DA:50,0
DA:51,0
DA:52,0
DA:70,0
DA:71,0
DA:72,0
DA:73,0
DA:74,0
DA:75,0
DA:76,0
DA:77,0
DA:79,0
DA:82,2
DA:83,2
DA:84,2
DA:85,0
DA:86,0
DA:87,0
DA:88,2
DA:89,2
DA:90,0
DA:91,0
DA:92,0
DA:93,0
DA:94,2
DA:95,2
DA:96,2
DA:100,0
DA:102,0
DA:103,0
DA:104,0
DA:118,2
DA:119,2
DA:120,0
DA:121,2
DA:122,2
DA:123,2
DA:124,2
DA:125,0
DA:126,0
DA:127,0
DA:128,0
DA:129,0
DA:130,0
DA:133,3
DA:134,3
DA:136,3
DA:137,3
DA:138,3
DA:139,3
DA:141,3
DA:142,3
DA:143,3
DA:144,3
DA:145,3
DA:146,3
DA:150,5
DA:151,5
DA:152,5
DA:153,5
DA:154,5
DA:155,5
DA:159,2
DA:160,2
DA:161,2
DA:162,2
DA:166,3
DA:167,3
DA:168,1
DA:170,2
DA:171,0
DA:172,2
DA:173,2
DA:174,3
DA:189,2
DA:190,2
DA:191,0
DA:192,2
DA:193,2
DA:194,0
DA:195,2
DA:196,2
DA:197,2
DA:199,3
DA:200,3
DA:201,0
DA:202,3
DA:203,3
DA:204,3
DA:205,6
DA:207,0
DA:208,0
DA:209,0
DA:210,3
DA:211,3
DA:212,3
DA:219,1
DA:220,1
DA:221,1
DA:222,1
DA:223,1
DA:224,1
DA:225,1
DA:226,1
DA:227,1
DA:228,1
DA:231,1
DA:232,1
DA:233,1
DA:234,1
BRF:0
BRH:0
LF:155
LH:81
end_of_record
SF:/Users/kbukum/DEV/skillsenselab/rskit/crates/rskit-auth/src/apikey/middleware.rs
FN:93,_RNCNvXININtNtCseA4Ma8KPD5_10rskit_auth6apikey10middlewares0_0ppppEINtB7_13ApiKeyServiceppEINtCsjDYfagJlsEi_13tower_service7ServiceINtNtCs8fRONDfo8h1_4http7request7RequestpEE4call0Bb_
FN:39,_RNvMNtNtCseA4Ma8KPD5_10rskit_auth6apikey10middlewareINtB2_11ApiKeyLayerpE11with_headerB6_
FN:30,_RNvMNtNtCseA4Ma8KPD5_10rskit_auth6apikey10middlewareINtB2_11ApiKeyLayerpE3newB6_
FN:81,_RNvXININtNtCseA4Ma8KPD5_10rskit_auth6apikey10middlewares0_0ppppEINtB5_13ApiKeyServiceppEINtCsjDYfagJlsEi_13tower_service7ServiceINtNtCs8fRONDfo8h1_4http7request7RequestpEE10poll_readyB9_
FN:88,_RNvXININtNtCseA4Ma8KPD5_10rskit_auth6apikey10middlewares0_0ppppEINtB5_13ApiKeyServiceppEINtCsjDYfagJlsEi_13tower_service7ServiceINtNtCs8fRONDfo8h1_4http7request7RequestpEE4callB9_
FN:51,_RNvXININtNtCseA4Ma8KPD5_10rskit_auth6apikey10middlewares_0ppEINtB5_11ApiKeyLayerpEINtCsgMOxnZfI9Jh_11tower_layer5LayerpE5layerB9_
FNDA:0,_RNCNvXININtNtCseA4Ma8KPD5_10rskit_auth6apikey10middlewares0_0ppppEINtB7_13ApiKeyServiceppEINtCsjDYfagJlsEi_13tower_service7ServiceINtNtCs8fRONDfo8h1_4http7request7RequestpEE4call0Bb_
FNDA:0,_RNvMNtNtCseA4Ma8KPD5_10rskit_auth6apikey10middlewareINtB2_11ApiKeyLayerpE11with_headerB6_
FNDA:0,_RNvMNtNtCseA4Ma8KPD5_10rskit_auth6apikey10middlewareINtB2_11ApiKeyLayerpE3newB6_
FNDA:0,_RNvXININtNtCseA4Ma8KPD5_10rskit_auth6apikey10middlewares0_0ppppEINtB5_13ApiKeyServiceppEINtCsjDYfagJlsEi_13tower_service7ServiceINtNtCs8fRONDfo8h1_4http7request7RequestpEE10poll_readyB9_
FNDA:0,_RNvXININtNtCseA4Ma8KPD5_10rskit_auth6apikey10middlewares0_0ppppEINtB5_13ApiKeyServiceppEINtCsjDYfagJlsEi_13tower_service7ServiceINtNtCs8fRONDfo8h1_4http7request7RequestpEE4callB9_
FNDA:0,_RNvXININtNtCseA4Ma8KPD5_10rskit_auth6apikey10middlewares_0ppEINtB5_11ApiKeyLayerpEINtCsgMOxnZfI9Jh_11tower_layer5LayerpE5layerB9_
FNF:6
FNH:0
DA:30,0
DA:31,0
DA:32,0
DA:33,0
DA:34,0
DA:35,0
DA:39,0
DA:40,0
DA:41,0
DA:42,0
DA:51,0
DA:52,0
DA:53,0
DA:54,0
DA:55,0
DA:56,0
DA:57,0
DA:81,0
DA:82,0
DA:83,0
DA:84,0
DA:85,0
DA:86,0
DA:88,0
DA:89,0
DA:90,0
DA:91,0
DA:93,0
DA:94,0
DA:96,0
DA:97,0
DA:98,0
DA:100,0
DA:101,0
DA:103,0
DA:104,0
DA:105,0
DA:106,0
DA:107,0
DA:108,0
DA:110,0
DA:113,0
DA:114,0
DA:115,0
DA:116,0
DA:118,0
DA:119,0
DA:120,0
DA:121,0
DA:122,0
DA:124,0
DA:126,0
DA:127,0
BRF:0
BRH:0
LF:54
LH:0
end_of_record
SF:/Users/kbukum/DEV/skillsenselab/rskit/crates/rskit-auth/src/apikey/rotation.rs
FN:43,_RNvNtNtCs39EBjOfa4vQ_10rskit_auth6apikey8rotation6rotate
FN:21,_RNvXNtNtCs39EBjOfa4vQ_10rskit_auth6apikey8rotationNtB2_14RotationConfigNtNtCsl8K0bEFm1U0_4core7default7Default7default
FN:50,_RNCNCNvNtNtCs39EBjOfa4vQ_10rskit_auth6apikey8rotation6rotate00B9_
FN:47,_RNCNvNtNtCs39EBjOfa4vQ_10rskit_auth6apikey8rotation6rotate0B7_
FN:76,_RNvMs_NtNtCseA4Ma8KPD5_10rskit_auth6apikey8rotationINtB4_7ManagerpE6hasherB8_
FN:196,_RNvXININtNtCseA4Ma8KPD5_10rskit_auth6apikey8rotations5_0pEINtB5_7ManagerpENtNtB7_10middleware12KeyValidator12validate_keyB9_
FN:271,_RNvXs_NtNtNtCseA4Ma8KPD5_10rskit_auth6apikey8rotation5testsNtB4_11MemoryStoreNtNtB8_5store5Store10set_active
FN:278,_RNvXs_NtNtNtCseA4Ma8KPD5_10rskit_auth6apikey8rotation5testsNtB4_11MemoryStoreNtNtB8_5store5Store6delete
FN:284,_RNvNtNtNtCseA4Ma8KPD5_10rskit_auth6apikey8rotation5tests7manager
FN:296,_RNvNtNtNtCseA4Ma8KPD5_10rskit_auth6apikey8rotation5testss_29issue_validate_and_rotate_key
FN:263,_RNvXs_NtNtNtCseA4Ma8KPD5_10rskit_auth6apikey8rotation5testsNtB4_11MemoryStoreNtNtB8_5store5Store12set_rotation
FN:229,_RNvXs_NtNtNtCseA4Ma8KPD5_10rskit_auth6apikey8rotation5testsNtB4_11MemoryStoreNtNtB8_5store5Store14list_by_prefix
FN:251,_RNvXs_NtNtNtCseA4Ma8KPD5_10rskit_auth6apikey8rotation5testsNtB4_11MemoryStoreNtNtB8_5store5Store16update_last_used
FN:224,_RNvXs_NtNtNtCseA4Ma8KPD5_10rskit_auth6apikey8rotation5testsNtB4_11MemoryStoreNtNtB8_5store5Store6create
FN:239,_RNvXs_NtNtNtCseA4Ma8KPD5_10rskit_auth6apikey8rotation5testsNtB4_11MemoryStoreNtNtB8_5store5Store9get_by_id
FN:201,_RINvNtNtCseA4Ma8KPD5_10rskit_auth6apikey8rotation19invalid_input_errorNtNtCs1OjIl8oxbrv_5alloc6string6StringEB6_
FN:135,_RNCNCNCNvMs0_NtNtCseA4Ma8KPD5_10rskit_auth6apikey8rotationINtBb_7ManagerNtNtBb_5tests11MemoryStoreE24validate_key_with_scopes0s_00Bf_
FN:157,_RNCNCNvMs0_NtNtCseA4Ma8KPD5_10rskit_auth6apikey8rotationINtB9_7ManagerNtNtB9_5tests11MemoryStoreE10rotate_key00Bd_
FN:132,_RNCNCNvMs0_NtNtCseA4Ma8KPD5_10rskit_auth6apikey8rotationINtB9_7ManagerNtNtB9_5tests11MemoryStoreE24validate_key_with_scopes00Bd_
FN:135,_RNCNCNvMs0_NtNtCseA4Ma8KPD5_10rskit_auth6apikey8rotationINtB9_7ManagerNtNtB9_5tests11MemoryStoreE24validate_key_with_scopes0s_0Bd_
FN:154,_RNCNvMs0_NtNtCseA4Ma8KPD5_10rskit_auth6apikey8rotationINtB7_7ManagerNtNtB7_5tests11MemoryStoreE10rotate_key0Bb_
FN:119,_RNCNvMs0_NtNtCseA4Ma8KPD5_10rskit_auth6apikey8rotationINtB7_7ManagerNtNtB7_5tests11MemoryStoreE24validate_key_with_scopes0Bb_
FN:91,_RNCNvMs0_NtNtCseA4Ma8KPD5_10rskit_auth6apikey8rotationINtB7_7ManagerNtNtB7_5tests11MemoryStoreE9issue_key0Bb_
FN:150,_RNvMs0_NtNtCseA4Ma8KPD5_10rskit_auth6apikey8rotationINtB5_7ManagerNtNtB5_5tests11MemoryStoreE10rotate_keyB9_
FN:115,_RNvMs0_NtNtCseA4Ma8KPD5_10rskit_auth6apikey8rotationINtB5_7ManagerNtNtB5_5tests11MemoryStoreE24validate_key_with_scopesB9_
FN:83,_RNvMs0_NtNtCseA4Ma8KPD5_10rskit_auth6apikey8rotationINtB5_7ManagerNtNtB5_5tests11MemoryStoreE9issue_keyB9_
FN:64,_RNvMs_NtNtCseA4Ma8KPD5_10rskit_auth6apikey8rotationINtB4_7ManagerNtNtB4_5tests11MemoryStoreE3newB8_
FN:70,_RNvMs_NtNtCseA4Ma8KPD5_10rskit_auth6apikey8rotationINtB4_7ManagerNtNtB4_5tests11MemoryStoreE5storeB8_
FN:31,_RNvXNtNtCseA4Ma8KPD5_10rskit_auth6apikey8rotationNtB2_14RotationConfigNtNtCsl8K0bEFm1U0_4core7default7Default7default
FN:234,_RNCNCNvXs_NtNtNtCseA4Ma8KPD5_10rskit_auth6apikey8rotation5testsNtB8_11MemoryStoreNtNtBc_5store5Store14list_by_prefix00Be_
FN:244,_RNCNCNvXs_NtNtNtCseA4Ma8KPD5_10rskit_auth6apikey8rotation5testsNtB8_11MemoryStoreNtNtBc_5store5Store9get_by_id00Be_
FN:296,_RNCNvNtNtNtCseA4Ma8KPD5_10rskit_auth6apikey8rotation5testss_29issue_validate_and_rotate_key0B9_
FNDA:0,_RNvNtNtCs39EBjOfa4vQ_10rskit_auth6apikey8rotation6rotate
FNDA:0,_RNvXNtNtCs39EBjOfa4vQ_10rskit_auth6apikey8rotationNtB2_14RotationConfigNtNtCsl8K0bEFm1U0_4core7default7Default7default
FNDA:0,_RNCNCNvNtNtCs39EBjOfa4vQ_10rskit_auth6apikey8rotation6rotate00B9_
FNDA:0,_RNCNvNtNtCs39EBjOfa4vQ_10rskit_auth6apikey8rotation6rotate0B7_
FNDA:0,_RNvMs_NtNtCseA4Ma8KPD5_10rskit_auth6apikey8rotationINtB4_7ManagerpE6hasherB8_
FNDA:0,_RNvXININtNtCseA4Ma8KPD5_10rskit_auth6apikey8rotations5_0pEINtB5_7ManagerpENtNtB7_10middleware12KeyValidator12validate_keyB9_
FNDA:0,_RNvXs_NtNtNtCseA4Ma8KPD5_10rskit_auth6apikey8rotation5testsNtB4_11MemoryStoreNtNtB8_5store5Store10set_active
FNDA:0,_RNvXs_NtNtNtCseA4Ma8KPD5_10rskit_auth6apikey8rotation5testsNtB4_11MemoryStoreNtNtB8_5store5Store6delete
FNDA:1,_RNvNtNtNtCseA4Ma8KPD5_10rskit_auth6apikey8rotation5tests7manager
FNDA:1,_RNvNtNtNtCseA4Ma8KPD5_10rskit_auth6apikey8rotation5testss_29issue_validate_and_rotate_key
FNDA:1,_RNvXs_NtNtNtCseA4Ma8KPD5_10rskit_auth6apikey8rotation5testsNtB4_11MemoryStoreNtNtB8_5store5Store12set_rotation
FNDA:1,_RNvXs_NtNtNtCseA4Ma8KPD5_10rskit_auth6apikey8rotation5testsNtB4_11MemoryStoreNtNtB8_5store5Store14list_by_prefix
FNDA:1,_RNvXs_NtNtNtCseA4Ma8KPD5_10rskit_auth6apikey8rotation5testsNtB4_11MemoryStoreNtNtB8_5store5Store16update_last_used
FNDA:2,_RNvXs_NtNtNtCseA4Ma8KPD5_10rskit_auth6apikey8rotation5testsNtB4_11MemoryStoreNtNtB8_5store5Store6create
FNDA:2,_RNvXs_NtNtNtCseA4Ma8KPD5_10rskit_auth6apikey8rotation5testsNtB4_11MemoryStoreNtNtB8_5store5Store9get_by_id
FNDA:0,_RINvNtNtCseA4Ma8KPD5_10rskit_auth6apikey8rotation19invalid_input_errorNtNtCs1OjIl8oxbrv_5alloc6string6StringEB6_
FNDA:1,_RNCNCNCNvMs0_NtNtCseA4Ma8KPD5_10rskit_auth6apikey8rotationINtBb_7ManagerNtNtBb_5tests11MemoryStoreE24validate_key_with_scopes0s_00Bf_
FNDA:0,_RNCNCNvMs0_NtNtCseA4Ma8KPD5_10rskit_auth6apikey8rotationINtB9_7ManagerNtNtB9_5tests11MemoryStoreE10rotate_key00Bd_
FNDA:0,_RNCNCNvMs0_NtNtCseA4Ma8KPD5_10rskit_auth6apikey8rotationINtB9_7ManagerNtNtB9_5tests11MemoryStoreE24validate_key_with_scopes00Bd_
FNDA:1,_RNCNCNvMs0_NtNtCseA4Ma8KPD5_10rskit_auth6apikey8rotationINtB9_7ManagerNtNtB9_5tests11MemoryStoreE24validate_key_with_scopes0s_0Bd_
FNDA:1,_RNCNvMs0_NtNtCseA4Ma8KPD5_10rskit_auth6apikey8rotationINtB7_7ManagerNtNtB7_5tests11MemoryStoreE10rotate_key0Bb_
FNDA:1,_RNCNvMs0_NtNtCseA4Ma8KPD5_10rskit_auth6apikey8rotationINtB7_7ManagerNtNtB7_5tests11MemoryStoreE24validate_key_with_scopes0Bb_
FNDA:2,_RNCNvMs0_NtNtCseA4Ma8KPD5_10rskit_auth6apikey8rotationINtB7_7ManagerNtNtB7_5tests11MemoryStoreE9issue_key0Bb_
FNDA:1,_RNvMs0_NtNtCseA4Ma8KPD5_10rskit_auth6apikey8rotationINtB5_7ManagerNtNtB5_5tests11MemoryStoreE10rotate_keyB9_
FNDA:1,_RNvMs0_NtNtCseA4Ma8KPD5_10rskit_auth6apikey8rotationINtB5_7ManagerNtNtB5_5tests11MemoryStoreE24validate_key_with_scopesB9_
FNDA:2,_RNvMs0_NtNtCseA4Ma8KPD5_10rskit_auth6apikey8rotationINtB5_7ManagerNtNtB5_5tests11MemoryStoreE9issue_keyB9_
FNDA:1,_RNvMs_NtNtCseA4Ma8KPD5_10rskit_auth6apikey8rotationINtB4_7ManagerNtNtB4_5tests11MemoryStoreE3newB8_
FNDA:1,_RNvMs_NtNtCseA4Ma8KPD5_10rskit_auth6apikey8rotationINtB4_7ManagerNtNtB4_5tests11MemoryStoreE5storeB8_
FNDA:1,_RNvXNtNtCseA4Ma8KPD5_10rskit_auth6apikey8rotationNtB2_14RotationConfigNtNtCsl8K0bEFm1U0_4core7default7Default7default
FNDA:1,_RNCNCNvXs_NtNtNtCseA4Ma8KPD5_10rskit_auth6apikey8rotation5testsNtB8_11MemoryStoreNtNtBc_5store5Store14list_by_prefix00Be_
FNDA:0,_RNCNCNvXs_NtNtNtCseA4Ma8KPD5_10rskit_auth6apikey8rotation5testsNtB8_11MemoryStoreNtNtBc_5store5Store9get_by_id00Be_
FNDA:1,_RNCNvNtNtNtCseA4Ma8KPD5_10rskit_auth6apikey8rotation5testss_29issue_validate_and_rotate_key0B9_
FNF:32
FNH:20
DA:21,0
DA:22,0
DA:23,0
DA:24,0
DA:25,0
DA:26,0
DA:31,1
DA:32,1
DA:33,1
DA:34,1
DA:35,1
DA:36,1
DA:37,1
DA:38,1
DA:39,1
DA:40,1
DA:41,1
DA:43,0
DA:44,0
DA:45,0
DA:46,0
DA:47,0
DA:48,0
DA:49,0
DA:50,0
DA:52,0
DA:53,0
DA:55,0
DA:56,0
DA:57,0
DA:59,0
DA:60,0
DA:61,0
DA:62,0
DA:63,0
DA:64,1
DA:65,1
DA:66,1
DA:70,1
DA:71,1
DA:72,1
DA:76,0
DA:77,0
DA:78,0
DA:83,2
DA:84,2
DA:85,2
DA:86,2
DA:87,2
DA:88,2
DA:89,2
DA:90,2
DA:91,2
DA:92,2
DA:93,2
DA:94,2
DA:95,2
DA:96,2
DA:97,2
DA:98,2
DA:99,2
DA:100,2
DA:101,2
DA:102,2
DA:103,2
DA:104,2
DA:105,2
DA:106,2
DA:107,2
DA:108,2
DA:109,2
DA:110,2
DA:111,2
DA:112,2
DA:115,1
DA:116,1
DA:117,1
DA:118,1
DA:119,1
DA:120,1
DA:121,1
DA:123,1
DA:124,1
DA:125,1
DA:126,1
DA:127,1
DA:128,1
DA:131,1
DA:132,1
DA:133,1
DA:134,1
DA:135,1
DA:137,0
DA:138,0
DA:139,0
DA:140,0
DA:141,1
DA:143,1
DA:144,1
DA:145,1
DA:146,1
DA:147,1
DA:150,1
DA:151,1
DA:152,1
DA:153,1
DA:154,1
DA:155,1
DA:156,1
DA:157,1
DA:159,1
DA:160,1
DA:162,0
DA:164,1
DA:165,0
DA:167,1
DA:170,1
DA:171,1
DA:172,1
DA:173,1
DA:174,1
DA:175,1
DA:176,1
DA:177,1
DA:178,1
DA:179,1
DA:181,1
DA:182,1
DA:183,1
DA:184,1
DA:186,1
DA:187,1
DA:188,1
DA:189,1
DA:190,1
DA:191,1
DA:196,0
DA:198,0
DA:201,0
DA:202,0
DA:203,0
DA:224,2
DA:227,2
DA:229,1
DA:234,1
DA:237,1
DA:239,2
DA:244,0
DA:245,2
DA:251,1
DA:256,1
DA:263,1
DA:269,1
DA:271,0
DA:276,0
DA:278,0
DA:281,0
DA:284,1
DA:285,1
DA:286,1
DA:287,1
DA:288,1
DA:289,1
DA:290,1
DA:291,1
DA:293,1
DA:296,1
DA:297,1
DA:298,1
DA:299,1
DA:300,1
DA:301,1
DA:302,1
DA:303,1
DA:304,1
DA:305,1
DA:306,1
DA:307,1
DA:308,1
DA:309,1
DA:311,1
DA:312,1
DA:313,1
DA:314,1
DA:315,1
DA:316,1
DA:318,1
DA:319,1
DA:320,1
DA:321,1
DA:322,1
DA:323,1
DA:324,1
DA:325,1
DA:326,1
DA:327,1
DA:328,1
DA:329,1
DA:330,1
DA:331,1
DA:332,1
DA:333,1
DA:334,1
BRF:0
BRH:0
LF:215
LH:167
end_of_record
SF:/Users/kbukum/DEV/skillsenselab/rskit/crates/rskit-auth/src/jwt/config.rs
FN:116,_RINvMs0_NtNtCse119Xhl5TNa_10rskit_auth3jwt6configNtB6_9JwtConfig14hs256_internalReB1g_ECs4s1oAPzMTk8_13comprehensive
FN:34,_RNvMNtNtCse119Xhl5TNa_10rskit_auth3jwt6configNtB2_12JwtAlgorithm12is_symmetric
FN:23,_RNvMNtNtCse119Xhl5TNa_10rskit_auth3jwt6configNtB2_12JwtAlgorithm15as_jsonwebtoken
FN:106,_RNvMs0_NtNtCse119Xhl5TNa_10rskit_auth3jwt6configNtB5_9JwtConfig11default_ttl
FN:201,_RNvMs0_NtNtCse119Xhl5TNa_10rskit_auth3jwt6configNtB5_9JwtConfig11with_leeway
FN:110,_RNvMs0_NtNtCse119Xhl5TNa_10rskit_auth3jwt6configNtB5_9JwtConfig14default_leeway
FN:194,_RNvMs0_NtNtCse119Xhl5TNa_10rskit_auth3jwt6configNtB5_9JwtConfig8with_ttl
FN:208,_RNvMs0_NtNtCse119Xhl5TNa_10rskit_auth3jwt6configNtB5_9JwtConfig9algorithm
FN:78,_RNvMs_NtNtCse119Xhl5TNa_10rskit_auth3jwt6configNtB4_14JwtKeyMaterial9algorithm
FN:116,_RINvMs0_NtNtCse119Xhl5TNa_10rskit_auth3jwt6configNtB6_9JwtConfig14hs256_internalReB1g_ECs4f1Eqt2c8ed_11integration
FN:76,_RINvMs0_NtNtCs39EBjOfa4vQ_10rskit_auth3jwt6configNtB6_9JwtConfig3newReECs5aORjT3zxjp_23integration_cross_layer
FN:26,_RNvXNtNtCs39EBjOfa4vQ_10rskit_auth3jwt6configNtNtCscogdpeek6Lc_12jsonwebtoken10algorithms9AlgorithmINtNtCsl8K0bEFm1U0_4core7convert4FromRNtB2_9AlgorithmE4from
FN:70,_RNvMs0_NtNtCs39EBjOfa4vQ_10rskit_auth3jwt6configNtB5_9JwtConfig11default_ttl
FN:109,_RNvMs0_NtNtCs39EBjOfa4vQ_10rskit_auth3jwt6configNtB5_9JwtConfig13with_audience
FN:88,_RNvMs0_NtNtCs39EBjOfa4vQ_10rskit_auth3jwt6configNtB5_9JwtConfig14with_algorithm
FN:95,_RNvMs0_NtNtCs39EBjOfa4vQ_10rskit_auth3jwt6configNtB5_9JwtConfig8with_ttl
FN:58,_RNvXs_NtNtCs39EBjOfa4vQ_10rskit_auth3jwt6configNtB4_9JwtConfigNtNtCsl8K0bEFm1U0_4core7default7Default7default
FN:174,_RINvMs0_NtNtCseA4Ma8KPD5_10rskit_auth3jwt6configNtB6_9JwtConfig5eddsapppEBa_
FN:154,_RINvMs0_NtNtCseA4Ma8KPD5_10rskit_auth3jwt6configNtB6_9JwtConfig5es256pppEBa_
FN:34,_RNvMNtNtCseA4Ma8KPD5_10rskit_auth3jwt6configNtB2_12JwtAlgorithm12is_symmetric
FN:201,_RNvMs0_NtNtCseA4Ma8KPD5_10rskit_auth3jwt6configNtB5_9JwtConfig11with_leeway
FN:194,_RNvMs0_NtNtCseA4Ma8KPD5_10rskit_auth3jwt6configNtB5_9JwtConfig8with_ttl
FN:23,_RNvMNtNtCseA4Ma8KPD5_10rskit_auth3jwt6configNtB2_12JwtAlgorithm15as_jsonwebtoken
FN:106,_RNvMs0_NtNtCseA4Ma8KPD5_10rskit_auth3jwt6configNtB5_9JwtConfig11default_ttl
FN:110,_RNvMs0_NtNtCseA4Ma8KPD5_10rskit_auth3jwt6configNtB5_9JwtConfig14default_leeway
FN:208,_RNvMs0_NtNtCseA4Ma8KPD5_10rskit_auth3jwt6configNtB5_9JwtConfig9algorithm
FN:78,_RNvMs_NtNtCseA4Ma8KPD5_10rskit_auth3jwt6configNtB4_14JwtKeyMaterial9algorithm
FN:116,_RINvMs0_NtNtCseA4Ma8KPD5_10rskit_auth3jwt6configNtB6_9JwtConfig14hs256_internalReB1f_EBa_
FN:134,_RINvMs0_NtNtCseA4Ma8KPD5_10rskit_auth3jwt6configNtB6_9JwtConfig5rs256ReB15_B15_EBa_
FN:116,_RINvMs0_NtNtCse119Xhl5TNa_10rskit_auth3jwt6configNtB6_9JwtConfig14hs256_internalReB1g_ECsaHH06NcKiMe_14security_audit
FN:134,_RINvMs0_NtNtCse119Xhl5TNa_10rskit_auth3jwt6configNtB6_9JwtConfig5rs256ReB16_B16_ECsaHH06NcKiMe_14security_audit
FNDA:36,_RINvMs0_NtNtCse119Xhl5TNa_10rskit_auth3jwt6configNtB6_9JwtConfig14hs256_internalReB1g_ECs4s1oAPzMTk8_13comprehensive
FNDA:0,_RNvMNtNtCse119Xhl5TNa_10rskit_auth3jwt6configNtB2_12JwtAlgorithm12is_symmetric
FNDA:198,_RNvMNtNtCse119Xhl5TNa_10rskit_auth3jwt6configNtB2_12JwtAlgorithm15as_jsonwebtoken
FNDA:47,_RNvMs0_NtNtCse119Xhl5TNa_10rskit_auth3jwt6configNtB5_9JwtConfig11default_ttl
FNDA:0,_RNvMs0_NtNtCse119Xhl5TNa_10rskit_auth3jwt6configNtB5_9JwtConfig11with_leeway
FNDA:47,_RNvMs0_NtNtCse119Xhl5TNa_10rskit_auth3jwt6configNtB5_9JwtConfig14default_leeway
FNDA:0,_RNvMs0_NtNtCse119Xhl5TNa_10rskit_auth3jwt6configNtB5_9JwtConfig8with_ttl
FNDA:198,_RNvMs0_NtNtCse119Xhl5TNa_10rskit_auth3jwt6configNtB5_9JwtConfig9algorithm
FNDA:198,_RNvMs_NtNtCse119Xhl5TNa_10rskit_auth3jwt6configNtB4_14JwtKeyMaterial9algorithm
FNDA:2,_RINvMs0_NtNtCse119Xhl5TNa_10rskit_auth3jwt6configNtB6_9JwtConfig14hs256_internalReB1g_ECs4f1Eqt2c8ed_11integration
FNDA:0,_RINvMs0_NtNtCs39EBjOfa4vQ_10rskit_auth3jwt6configNtB6_9JwtConfig3newReECs5aORjT3zxjp_23integration_cross_layer
FNDA:0,_RNvXNtNtCs39EBjOfa4vQ_10rskit_auth3jwt6configNtNtCscogdpeek6Lc_12jsonwebtoken10algorithms9AlgorithmINtNtCsl8K0bEFm1U0_4core7convert4FromRNtB2_9AlgorithmE4from
FNDA:0,_RNvMs0_NtNtCs39EBjOfa4vQ_10rskit_auth3jwt6configNtB5_9JwtConfig11default_ttl
FNDA:0,_RNvMs0_NtNtCs39EBjOfa4vQ_10rskit_auth3jwt6configNtB5_9JwtConfig13with_audience
FNDA:0,_RNvMs0_NtNtCs39EBjOfa4vQ_10rskit_auth3jwt6configNtB5_9JwtConfig14with_algorithm
FNDA:0,_RNvMs0_NtNtCs39EBjOfa4vQ_10rskit_auth3jwt6configNtB5_9JwtConfig8with_ttl
FNDA:0,_RNvXs_NtNtCs39EBjOfa4vQ_10rskit_auth3jwt6configNtB4_9JwtConfigNtNtCsl8K0bEFm1U0_4core7default7Default7default
FNDA:0,_RINvMs0_NtNtCseA4Ma8KPD5_10rskit_auth3jwt6configNtB6_9JwtConfig5eddsapppEBa_
FNDA:0,_RINvMs0_NtNtCseA4Ma8KPD5_10rskit_auth3jwt6configNtB6_9JwtConfig5es256pppEBa_
FNDA:0,_RNvMNtNtCseA4Ma8KPD5_10rskit_auth3jwt6configNtB2_12JwtAlgorithm12is_symmetric
FNDA:0,_RNvMs0_NtNtCseA4Ma8KPD5_10rskit_auth3jwt6configNtB5_9JwtConfig11with_leeway
FNDA:0,_RNvMs0_NtNtCseA4Ma8KPD5_10rskit_auth3jwt6configNtB5_9JwtConfig8with_ttl
FNDA:12,_RNvMNtNtCseA4Ma8KPD5_10rskit_auth3jwt6configNtB2_12JwtAlgorithm15as_jsonwebtoken
FNDA:4,_RNvMs0_NtNtCseA4Ma8KPD5_10rskit_auth3jwt6configNtB5_9JwtConfig11default_ttl
FNDA:4,_RNvMs0_NtNtCseA4Ma8KPD5_10rskit_auth3jwt6configNtB5_9JwtConfig14default_leeway
FNDA:12,_RNvMs0_NtNtCseA4Ma8KPD5_10rskit_auth3jwt6configNtB5_9JwtConfig9algorithm
FNDA:12,_RNvMs_NtNtCseA4Ma8KPD5_10rskit_auth3jwt6configNtB4_14JwtKeyMaterial9algorithm
FNDA:3,_RINvMs0_NtNtCseA4Ma8KPD5_10rskit_auth3jwt6configNtB6_9JwtConfig14hs256_internalReB1f_EBa_
FNDA:1,_RINvMs0_NtNtCseA4Ma8KPD5_10rskit_auth3jwt6configNtB6_9JwtConfig5rs256ReB15_B15_EBa_
FNDA:8,_RINvMs0_NtNtCse119Xhl5TNa_10rskit_auth3jwt6configNtB6_9JwtConfig14hs256_internalReB1g_ECsaHH06NcKiMe_14security_audit
FNDA:1,_RINvMs0_NtNtCse119Xhl5TNa_10rskit_auth3jwt6configNtB6_9JwtConfig5rs256ReB16_B16_ECsaHH06NcKiMe_14security_audit
FNF:19
FNH:7
DA:23,210
DA:24,210
DA:25,205
DA:26,5
DA:27,0
DA:28,0
DA:29,0
DA:30,210
DA:31,0
DA:32,0
DA:33,0
DA:34,0
DA:35,0
DA:36,0
DA:58,0
DA:59,0
DA:60,0
DA:61,0
DA:62,0
DA:63,0
DA:64,0
DA:65,0
DA:66,0
DA:70,0
DA:71,0
DA:72,0
DA:76,0
DA:77,0
DA:78,210
DA:79,210
DA:80,205
DA:81,5
DA:82,0
DA:83,0
DA:84,0
DA:85,210
DA:88,0
DA:89,0
DA:90,0
DA:91,0
DA:95,0
DA:96,0
DA:97,0
DA:98,0
DA:106,51
DA:107,51
DA:108,51
DA:109,0
DA:110,51
DA:111,0
DA:112,51
DA:116,49
DA:117,49
DA:118,49
DA:119,49
DA:120,49
DA:121,49
DA:122,49
DA:123,49
DA:124,49
DA:125,49
DA:126,49
DA:127,49
DA:128,49
DA:129,49
DA:130,49
DA:134,2
DA:135,2
DA:136,2
DA:137,2
DA:138,2
DA:139,2
DA:140,2
DA:141,2
DA:142,2
DA:143,2
DA:144,2
DA:145,2
DA:146,2
DA:147,2
DA:148,2
DA:149,2
DA:150,2
DA:154,0
DA:155,0
DA:156,0
DA:157,0
DA:158,0
DA:159,0
DA:160,0
DA:161,0
DA:162,0
DA:163,0
DA:164,0
DA:165,0
DA:166,0
DA:167,0
DA:168,0
DA:169,0
DA:170,0
DA:174,0
DA:175,0
DA:176,0
DA:177,0
DA:178,0
DA:179,0
DA:180,0
DA:181,0
DA:182,0
DA:183,0
DA:184,0
DA:185,0
DA:186,0
DA:187,0
DA:188,0
DA:189,0
DA:190,0
DA:194,0
DA:195,0
DA:196,0
DA:197,0
DA:201,0
DA:202,0
DA:203,0
DA:204,0
DA:208,210
DA:209,210
DA:210,210
BRF:0
BRH:0
LF:142
LH:51
end_of_record
SF:/Users/kbukum/DEV/skillsenselab/rskit/crates/rskit-auth/src/jwt/service.rs
FN:163,_RNCNCNvXs0_NtNtCse119Xhl5TNa_10rskit_auth3jwt7serviceINtB9_10JwtServiceNtCs4s1oAPzMTk8_13comprehensive12TenantClaimsEINtNtBd_6traits14TokenValidatorB17_E8validate00B19_
FN:172,_RNCNCNvXs0_NtNtCse119Xhl5TNa_10rskit_auth3jwt7serviceINtB9_10JwtServiceNtCs4s1oAPzMTk8_13comprehensive12TenantClaimsEINtNtBd_6traits14TokenValidatorB17_E8validate0s_0B19_
FN:163,_RNCNCNvXs0_NtNtCse119Xhl5TNa_10rskit_auth3jwt7serviceINtB9_10JwtServiceNtNCNvCs4s1oAPzMTk8_13comprehensives_31jwt_requires_iat_and_nbf_claims013MissingClaimsEINtNtBd_6traits14TokenValidatorB17_E8validate00B1d_
FN:172,_RNCNCNvXs0_NtNtCse119Xhl5TNa_10rskit_auth3jwt7serviceINtB9_10JwtServiceNtNCNvCs4s1oAPzMTk8_13comprehensives_31jwt_requires_iat_and_nbf_claims013MissingClaimsEINtNtBd_6traits14TokenValidatorB17_E8validate0s_0B1d_
FN:163,_RNCNCNvXs0_NtNtCse119Xhl5TNa_10rskit_auth3jwt7serviceINtB9_10JwtServiceNtNtCs4s1oAPzMTk8_13comprehensive6common14StandardClaimsEINtNtBd_6traits14TokenValidatorB17_E8validate00B1b_
FN:172,_RNCNCNvXs0_NtNtCse119Xhl5TNa_10rskit_auth3jwt7serviceINtB9_10JwtServiceNtNtCs4s1oAPzMTk8_13comprehensive6common14StandardClaimsEINtNtBd_6traits14TokenValidatorB17_E8validate0s_0B1b_
FN:147,_RNCNCNvXs_NtNtCse119Xhl5TNa_10rskit_auth3jwt7serviceINtB8_10JwtServiceNtCs4s1oAPzMTk8_13comprehensive12TenantClaimsEINtNtBc_6traits14TokenGeneratorB16_E8generate00B18_
FN:147,_RNCNCNvXs_NtNtCse119Xhl5TNa_10rskit_auth3jwt7serviceINtB8_10JwtServiceNtNCNvCs4s1oAPzMTk8_13comprehensives_31jwt_requires_iat_and_nbf_claims013MissingClaimsEINtNtBc_6traits14TokenGeneratorB16_E8generate00B1c_
FN:147,_RNCNCNvXs_NtNtCse119Xhl5TNa_10rskit_auth3jwt7serviceINtB8_10JwtServiceNtNtCs4s1oAPzMTk8_13comprehensive6common14StandardClaimsEINtNtBc_6traits14TokenGeneratorB16_E8generate00B1a_
FN:24,_RNvMNtNtCse119Xhl5TNa_10rskit_auth3jwt7serviceINtB2_10JwtServiceNtCs4s1oAPzMTk8_13comprehensive12TenantClaimsE3newB12_
FN:24,_RNvMNtNtCse119Xhl5TNa_10rskit_auth3jwt7serviceINtB2_10JwtServiceNtNCNvCs4s1oAPzMTk8_13comprehensives_31jwt_requires_iat_and_nbf_claims013MissingClaimsE3newB16_
FN:24,_RNvMNtNtCse119Xhl5TNa_10rskit_auth3jwt7serviceINtB2_10JwtServiceNtNtCs4s1oAPzMTk8_13comprehensive6common14StandardClaimsE3newB14_
FN:161,_RNvXs0_NtNtCse119Xhl5TNa_10rskit_auth3jwt7serviceINtB5_10JwtServiceNtCs4s1oAPzMTk8_13comprehensive12TenantClaimsEINtNtB9_6traits14TokenValidatorB13_E8validateB15_
FN:161,_RNvXs0_NtNtCse119Xhl5TNa_10rskit_auth3jwt7serviceINtB5_10JwtServiceNtNCNvCs4s1oAPzMTk8_13comprehensives_31jwt_requires_iat_and_nbf_claims013MissingClaimsEINtNtB9_6traits14TokenValidatorB13_E8validateB19_
FN:161,_RNvXs0_NtNtCse119Xhl5TNa_10rskit_auth3jwt7serviceINtB5_10JwtServiceNtNtCs4s1oAPzMTk8_13comprehensive6common14StandardClaimsEINtNtB9_6traits14TokenValidatorB13_E8validateB17_
FN:144,_RNvXs_NtNtCse119Xhl5TNa_10rskit_auth3jwt7serviceINtB4_10JwtServiceNtCs4s1oAPzMTk8_13comprehensive12TenantClaimsEINtNtB8_6traits14TokenGeneratorB12_E8generateB14_
FN:144,_RNvXs_NtNtCse119Xhl5TNa_10rskit_auth3jwt7serviceINtB4_10JwtServiceNtNCNvCs4s1oAPzMTk8_13comprehensives_31jwt_requires_iat_and_nbf_claims013MissingClaimsEINtNtB8_6traits14TokenGeneratorB12_E8generateB18_
FN:144,_RNvXs_NtNtCse119Xhl5TNa_10rskit_auth3jwt7serviceINtB4_10JwtServiceNtNtCs4s1oAPzMTk8_13comprehensive6common14StandardClaimsEINtNtB8_6traits14TokenGeneratorB12_E8generateB16_
FN:58,_RNvNtNtCse119Xhl5TNa_10rskit_auth3jwt7service10build_keys
FN:94,_RNvNtNtCse119Xhl5TNa_10rskit_auth3jwt7service13jwt_key_error
FN:101,_RNvNtNtCse119Xhl5TNa_10rskit_auth3jwt7service14validation_for
FN:36,_RNvNtNtCse119Xhl5TNa_10rskit_auth3jwt7service15validate_config
FN:112,_RNvNtNtCse119Xhl5TNa_10rskit_auth3jwt7service18ensure_iat_present
FN:125,_RNvNtNtCse119Xhl5TNa_10rskit_auth3jwt7service20map_validation_error
FN:69,_RNCNvNtNtCse119Xhl5TNa_10rskit_auth3jwt7service10build_keys0B7_
FN:78,_RNCNvNtNtCse119Xhl5TNa_10rskit_auth3jwt7service10build_keyss0_0B7_
FN:80,_RNCNvNtNtCse119Xhl5TNa_10rskit_auth3jwt7service10build_keyss1_0B7_
FN:87,_RNCNvNtNtCse119Xhl5TNa_10rskit_auth3jwt7service10build_keyss2_0B7_
FN:89,_RNCNvNtNtCse119Xhl5TNa_10rskit_auth3jwt7service10build_keyss3_0B7_
FN:71,_RNCNvNtNtCse119Xhl5TNa_10rskit_auth3jwt7service10build_keyss_0B7_
FN:118,_RNCNvNtNtCse119Xhl5TNa_10rskit_auth3jwt7service18ensure_iat_present0B7_
FN:163,_RNCNCNvXs0_NtNtCse119Xhl5TNa_10rskit_auth3jwt7serviceINtB9_10JwtServiceNtNtCs4f1Eqt2c8ed_11integration6common14StandardClaimsEINtNtBd_6traits14TokenValidatorB17_E8validate00B1b_
FN:172,_RNCNCNvXs0_NtNtCse119Xhl5TNa_10rskit_auth3jwt7serviceINtB9_10JwtServiceNtNtCs4f1Eqt2c8ed_11integration6common14StandardClaimsEINtNtBd_6traits14TokenValidatorB17_E8validate0s_0B1b_
FN:147,_RNCNCNvXs_NtNtCse119Xhl5TNa_10rskit_auth3jwt7serviceINtB8_10JwtServiceNtNtCs4f1Eqt2c8ed_11integration6common14StandardClaimsEINtNtBc_6traits14TokenGeneratorB16_E8generate00B1a_
FN:24,_RNvMNtNtCse119Xhl5TNa_10rskit_auth3jwt7serviceINtB2_10JwtServiceNtNtCs4f1Eqt2c8ed_11integration6common14StandardClaimsE3newB14_
FN:161,_RNvXs0_NtNtCse119Xhl5TNa_10rskit_auth3jwt7serviceINtB5_10JwtServiceNtNtCs4f1Eqt2c8ed_11integration6common14StandardClaimsEINtNtB9_6traits14TokenValidatorB13_E8validateB17_
FN:144,_RNvXs_NtNtCse119Xhl5TNa_10rskit_auth3jwt7serviceINtB4_10JwtServiceNtNtCs4f1Eqt2c8ed_11integration6common14StandardClaimsEINtNtB8_6traits14TokenGeneratorB12_E8generateB16_
FN:61,_RNCNCNvXs0_NtNtCs39EBjOfa4vQ_10rskit_auth3jwt7serviceINtB9_10JwtServiceNtCs5aORjT3zxjp_23integration_cross_layer10TestClaimsEINtNtBd_6traits14TokenValidatorB17_E8validate00B19_
FN:38,_RNCNCNvXs_NtNtCs39EBjOfa4vQ_10rskit_auth3jwt7serviceINtB8_10JwtServiceNtCs5aORjT3zxjp_23integration_cross_layer10TestClaimsEINtNtBc_6traits14TokenGeneratorB16_E8generate00B18_
FN:21,_RNvMNtNtCs39EBjOfa4vQ_10rskit_auth3jwt7serviceINtB2_10JwtServiceNtCs5aORjT3zxjp_23integration_cross_layer10TestClaimsE3newB12_
FN:49,_RNvXs0_NtNtCs39EBjOfa4vQ_10rskit_auth3jwt7serviceINtB5_10JwtServiceNtCs5aORjT3zxjp_23integration_cross_layer10TestClaimsEINtNtB9_6traits14TokenValidatorB13_E8validateB15_
FN:35,_RNvXs_NtNtCs39EBjOfa4vQ_10rskit_auth3jwt7serviceINtB4_10JwtServiceNtCs5aORjT3zxjp_23integration_cross_layer10TestClaimsEINtNtB8_6traits14TokenGeneratorB12_E8generateB14_
FN:163,_RNCNCNvXs0_NtNtCseA4Ma8KPD5_10rskit_auth3jwt7serviceINtB9_10JwtServiceNtNtB9_5tests10TestClaimsEINtNtBd_6traits14TokenValidatorB16_E8validate00Bd_
FN:172,_RNCNCNvXs0_NtNtCseA4Ma8KPD5_10rskit_auth3jwt7serviceINtB9_10JwtServiceNtNtB9_5tests10TestClaimsEINtNtBd_6traits14TokenValidatorB16_E8validate0s_0Bd_
FN:147,_RNCNCNvXs_NtNtCseA4Ma8KPD5_10rskit_auth3jwt7serviceINtB8_10JwtServiceNtNtB8_5tests10TestClaimsEINtNtBc_6traits14TokenGeneratorB15_E8generate00Bc_
FN:69,_RNCNvNtNtCseA4Ma8KPD5_10rskit_auth3jwt7service10build_keys0B7_
FN:78,_RNCNvNtNtCseA4Ma8KPD5_10rskit_auth3jwt7service10build_keyss0_0B7_
FN:80,_RNCNvNtNtCseA4Ma8KPD5_10rskit_auth3jwt7service10build_keyss1_0B7_
FN:87,_RNCNvNtNtCseA4Ma8KPD5_10rskit_auth3jwt7service10build_keyss2_0B7_
FN:89,_RNCNvNtNtCseA4Ma8KPD5_10rskit_auth3jwt7service10build_keyss3_0B7_
FN:71,_RNCNvNtNtCseA4Ma8KPD5_10rskit_auth3jwt7service10build_keyss_0B7_
FN:118,_RNCNvNtNtCseA4Ma8KPD5_10rskit_auth3jwt7service18ensure_iat_present0B7_
FN:24,_RNvMNtNtCseA4Ma8KPD5_10rskit_auth3jwt7serviceINtB2_10JwtServiceNtNtB2_5tests10TestClaimsE3newB6_
FN:161,_RNvXs0_NtNtCseA4Ma8KPD5_10rskit_auth3jwt7serviceINtB5_10JwtServiceNtNtB5_5tests10TestClaimsEINtNtB9_6traits14TokenValidatorB12_E8validateB9_
FN:144,_RNvXs_NtNtCseA4Ma8KPD5_10rskit_auth3jwt7serviceINtB4_10JwtServiceNtNtB4_5tests10TestClaimsEINtNtB8_6traits14TokenGeneratorB11_E8generateB8_
FN:316,_RNCNvNtNtNtCseA4Ma8KPD5_10rskit_auth3jwt7service5testss_20alg_none_is_rejected0B9_
FN:258,_RNCNvNtNtNtCseA4Ma8KPD5_10rskit_auth3jwt7service5testss_25roundtrip_sign_and_verify0B9_
FN:293,_RNCNvNtNtNtCseA4Ma8KPD5_10rskit_auth3jwt7service5testss_28rs256_roundtrip_is_supported0B9_
FN:276,_RNCNvNtNtNtCseA4Ma8KPD5_10rskit_auth3jwt7service5testss_41expired_token_returns_token_expired_error0B9_
FN:233,_RNvNtNtNtCseA4Ma8KPD5_10rskit_auth3jwt7service5tests16future_timestamp
FN:241,_RNvNtNtNtCseA4Ma8KPD5_10rskit_auth3jwt7service5tests17current_timestamp
FN:248,_RNvNtNtNtCseA4Ma8KPD5_10rskit_auth3jwt7service5tests17symmetric_service
FN:316,_RNvNtNtNtCseA4Ma8KPD5_10rskit_auth3jwt7service5testss_20alg_none_is_rejected
FN:258,_RNvNtNtNtCseA4Ma8KPD5_10rskit_auth3jwt7service5testss_25roundtrip_sign_and_verify
FN:293,_RNvNtNtNtCseA4Ma8KPD5_10rskit_auth3jwt7service5testss_28rs256_roundtrip_is_supported
FN:276,_RNvNtNtNtCseA4Ma8KPD5_10rskit_auth3jwt7service5testss_41expired_token_returns_token_expired_error
FN:58,_RNvNtNtCseA4Ma8KPD5_10rskit_auth3jwt7service10build_keys
FN:94,_RNvNtNtCseA4Ma8KPD5_10rskit_auth3jwt7service13jwt_key_error
FN:101,_RNvNtNtCseA4Ma8KPD5_10rskit_auth3jwt7service14validation_for
FN:36,_RNvNtNtCseA4Ma8KPD5_10rskit_auth3jwt7service15validate_config
FN:112,_RNvNtNtCseA4Ma8KPD5_10rskit_auth3jwt7service18ensure_iat_present
FN:125,_RNvNtNtCseA4Ma8KPD5_10rskit_auth3jwt7service20map_validation_error
FN:163,_RNCNCNvXs0_NtNtCse119Xhl5TNa_10rskit_auth3jwt7serviceINtB9_10JwtServiceNtNtCsaHH06NcKiMe_14security_audit6common14StandardClaimsEINtNtBd_6traits14TokenValidatorB17_E8validate00B1b_
FN:172,_RNCNCNvXs0_NtNtCse119Xhl5TNa_10rskit_auth3jwt7serviceINtB9_10JwtServiceNtNtCsaHH06NcKiMe_14security_audit6common14StandardClaimsEINtNtBd_6traits14TokenValidatorB17_E8validate0s_0B1b_
FN:147,_RNCNCNvXs_NtNtCse119Xhl5TNa_10rskit_auth3jwt7serviceINtB8_10JwtServiceNtNtCsaHH06NcKiMe_14security_audit6common14StandardClaimsEINtNtBc_6traits14TokenGeneratorB16_E8generate00B1a_
FN:24,_RNvMNtNtCse119Xhl5TNa_10rskit_auth3jwt7serviceINtB2_10JwtServiceNtNtCsaHH06NcKiMe_14security_audit6common14StandardClaimsE3newB14_
FN:161,_RNvXs0_NtNtCse119Xhl5TNa_10rskit_auth3jwt7serviceINtB5_10JwtServiceNtNtCsaHH06NcKiMe_14security_audit6common14StandardClaimsEINtNtB9_6traits14TokenValidatorB13_E8validateB17_
FN:144,_RNvXs_NtNtCse119Xhl5TNa_10rskit_auth3jwt7serviceINtB4_10JwtServiceNtNtCsaHH06NcKiMe_14security_audit6common14StandardClaimsEINtNtB8_6traits14TokenGeneratorB12_E8generateB16_
FNDA:0,_RNCNCNvXs0_NtNtCse119Xhl5TNa_10rskit_auth3jwt7serviceINtB9_10JwtServiceNtCs4s1oAPzMTk8_13comprehensive12TenantClaimsEINtNtBd_6traits14TokenValidatorB17_E8validate00B19_
FNDA:0,_RNCNCNvXs0_NtNtCse119Xhl5TNa_10rskit_auth3jwt7serviceINtB9_10JwtServiceNtCs4s1oAPzMTk8_13comprehensive12TenantClaimsEINtNtBd_6traits14TokenValidatorB17_E8validate0s_0B19_
FNDA:0,_RNCNCNvXs0_NtNtCse119Xhl5TNa_10rskit_auth3jwt7serviceINtB9_10JwtServiceNtNCNvCs4s1oAPzMTk8_13comprehensives_31jwt_requires_iat_and_nbf_claims013MissingClaimsEINtNtBd_6traits14TokenValidatorB17_E8validate00B1d_
FNDA:0,_RNCNCNvXs0_NtNtCse119Xhl5TNa_10rskit_auth3jwt7serviceINtB9_10JwtServiceNtNCNvCs4s1oAPzMTk8_13comprehensives_31jwt_requires_iat_and_nbf_claims013MissingClaimsEINtNtBd_6traits14TokenValidatorB17_E8validate0s_0B1d_
FNDA:3,_RNCNCNvXs0_NtNtCse119Xhl5TNa_10rskit_auth3jwt7serviceINtB9_10JwtServiceNtNtCs4s1oAPzMTk8_13comprehensive6common14StandardClaimsEINtNtBd_6traits14TokenValidatorB17_E8validate00B1b_
FNDA:0,_RNCNCNvXs0_NtNtCse119Xhl5TNa_10rskit_auth3jwt7serviceINtB9_10JwtServiceNtNtCs4s1oAPzMTk8_13comprehensive6common14StandardClaimsEINtNtBd_6traits14TokenValidatorB17_E8validate0s_0B1b_
FNDA:0,_RNCNCNvXs_NtNtCse119Xhl5TNa_10rskit_auth3jwt7serviceINtB8_10JwtServiceNtCs4s1oAPzMTk8_13comprehensive12TenantClaimsEINtNtBc_6traits14TokenGeneratorB16_E8generate00B18_
FNDA:0,_RNCNCNvXs_NtNtCse119Xhl5TNa_10rskit_auth3jwt7serviceINtB8_10JwtServiceNtNCNvCs4s1oAPzMTk8_13comprehensives_31jwt_requires_iat_and_nbf_claims013MissingClaimsEINtNtBc_6traits14TokenGeneratorB16_E8generate00B1c_
FNDA:0,_RNCNCNvXs_NtNtCse119Xhl5TNa_10rskit_auth3jwt7serviceINtB8_10JwtServiceNtNtCs4s1oAPzMTk8_13comprehensive6common14StandardClaimsEINtNtBc_6traits14TokenGeneratorB16_E8generate00B1a_
FNDA:1,_RNvMNtNtCse119Xhl5TNa_10rskit_auth3jwt7serviceINtB2_10JwtServiceNtCs4s1oAPzMTk8_13comprehensive12TenantClaimsE3newB12_
FNDA:1,_RNvMNtNtCse119Xhl5TNa_10rskit_auth3jwt7serviceINtB2_10JwtServiceNtNCNvCs4s1oAPzMTk8_13comprehensives_31jwt_requires_iat_and_nbf_claims013MissingClaimsE3newB16_
FNDA:34,_RNvMNtNtCse119Xhl5TNa_10rskit_auth3jwt7serviceINtB2_10JwtServiceNtNtCs4s1oAPzMTk8_13comprehensive6common14StandardClaimsE3newB14_
FNDA:1,_RNvXs0_NtNtCse119Xhl5TNa_10rskit_auth3jwt7serviceINtB5_10JwtServiceNtCs4s1oAPzMTk8_13comprehensive12TenantClaimsEINtNtB9_6traits14TokenValidatorB13_E8validateB15_
FNDA:1,_RNvXs0_NtNtCse119Xhl5TNa_10rskit_auth3jwt7serviceINtB5_10JwtServiceNtNCNvCs4s1oAPzMTk8_13comprehensives_31jwt_requires_iat_and_nbf_claims013MissingClaimsEINtNtB9_6traits14TokenValidatorB13_E8validateB19_
FNDA:30,_RNvXs0_NtNtCse119Xhl5TNa_10rskit_auth3jwt7serviceINtB5_10JwtServiceNtNtCs4s1oAPzMTk8_13comprehensive6common14StandardClaimsEINtNtB9_6traits14TokenValidatorB13_E8validateB17_
FNDA:1,_RNvXs_NtNtCse119Xhl5TNa_10rskit_auth3jwt7serviceINtB4_10JwtServiceNtCs4s1oAPzMTk8_13comprehensive12TenantClaimsEINtNtB8_6traits14TokenGeneratorB12_E8generateB14_
FNDA:1,_RNvXs_NtNtCse119Xhl5TNa_10rskit_auth3jwt7serviceINtB4_10JwtServiceNtNCNvCs4s1oAPzMTk8_13comprehensives_31jwt_requires_iat_and_nbf_claims013MissingClaimsEINtNtB8_6traits14TokenGeneratorB12_E8generateB18_
FNDA:8,_RNvXs_NtNtCse119Xhl5TNa_10rskit_auth3jwt7serviceINtB4_10JwtServiceNtNtCs4s1oAPzMTk8_13comprehensive6common14StandardClaimsEINtNtB8_6traits14TokenGeneratorB12_E8generateB16_
FNDA:47,_RNvNtNtCse119Xhl5TNa_10rskit_auth3jwt7service10build_keys
FNDA:0,_RNvNtNtCse119Xhl5TNa_10rskit_auth3jwt7service13jwt_key_error
FNDA:54,_RNvNtNtCse119Xhl5TNa_10rskit_auth3jwt7service14validation_for
FNDA:47,_RNvNtNtCse119Xhl5TNa_10rskit_auth3jwt7service15validate_config
FNDA:54,_RNvNtNtCse119Xhl5TNa_10rskit_auth3jwt7service18ensure_iat_present
FNDA:19,_RNvNtNtCse119Xhl5TNa_10rskit_auth3jwt7service20map_validation_error
FNDA:0,_RNCNvNtNtCse119Xhl5TNa_10rskit_auth3jwt7service10build_keys0B7_
FNDA:0,_RNCNvNtNtCse119Xhl5TNa_10rskit_auth3jwt7service10build_keyss0_0B7_
FNDA:0,_RNCNvNtNtCse119Xhl5TNa_10rskit_auth3jwt7service10build_keyss1_0B7_
FNDA:0,_RNCNvNtNtCse119Xhl5TNa_10rskit_auth3jwt7service10build_keyss2_0B7_
FNDA:0,_RNCNvNtNtCse119Xhl5TNa_10rskit_auth3jwt7service10build_keyss3_0B7_
FNDA:0,_RNCNvNtNtCse119Xhl5TNa_10rskit_auth3jwt7service10build_keyss_0B7_
FNDA:8,_RNCNvNtNtCse119Xhl5TNa_10rskit_auth3jwt7service18ensure_iat_present0B7_
FNDA:0,_RNCNCNvXs0_NtNtCse119Xhl5TNa_10rskit_auth3jwt7serviceINtB9_10JwtServiceNtNtCs4f1Eqt2c8ed_11integration6common14StandardClaimsEINtNtBd_6traits14TokenValidatorB17_E8validate00B1b_
FNDA:0,_RNCNCNvXs0_NtNtCse119Xhl5TNa_10rskit_auth3jwt7serviceINtB9_10JwtServiceNtNtCs4f1Eqt2c8ed_11integration6common14StandardClaimsEINtNtBd_6traits14TokenValidatorB17_E8validate0s_0B1b_
FNDA:0,_RNCNCNvXs_NtNtCse119Xhl5TNa_10rskit_auth3jwt7serviceINtB8_10JwtServiceNtNtCs4f1Eqt2c8ed_11integration6common14StandardClaimsEINtNtBc_6traits14TokenGeneratorB16_E8generate00B1a_
FNDA:2,_RNvMNtNtCse119Xhl5TNa_10rskit_auth3jwt7serviceINtB2_10JwtServiceNtNtCs4f1Eqt2c8ed_11integration6common14StandardClaimsE3newB14_
FNDA:2,_RNvXs0_NtNtCse119Xhl5TNa_10rskit_auth3jwt7serviceINtB5_10JwtServiceNtNtCs4f1Eqt2c8ed_11integration6common14StandardClaimsEINtNtB9_6traits14TokenValidatorB13_E8validateB17_
FNDA:2,_RNvXs_NtNtCse119Xhl5TNa_10rskit_auth3jwt7serviceINtB4_10JwtServiceNtNtCs4f1Eqt2c8ed_11integration6common14StandardClaimsEINtNtB8_6traits14TokenGeneratorB12_E8generateB16_
FNDA:0,_RNCNCNvXs0_NtNtCs39EBjOfa4vQ_10rskit_auth3jwt7serviceINtB9_10JwtServiceNtCs5aORjT3zxjp_23integration_cross_layer10TestClaimsEINtNtBd_6traits14TokenValidatorB17_E8validate00B19_
FNDA:0,_RNCNCNvXs_NtNtCs39EBjOfa4vQ_10rskit_auth3jwt7serviceINtB8_10JwtServiceNtCs5aORjT3zxjp_23integration_cross_layer10TestClaimsEINtNtBc_6traits14TokenGeneratorB16_E8generate00B18_
FNDA:0,_RNvMNtNtCs39EBjOfa4vQ_10rskit_auth3jwt7serviceINtB2_10JwtServiceNtCs5aORjT3zxjp_23integration_cross_layer10TestClaimsE3newB12_
FNDA:0,_RNvXs0_NtNtCs39EBjOfa4vQ_10rskit_auth3jwt7serviceINtB5_10JwtServiceNtCs5aORjT3zxjp_23integration_cross_layer10TestClaimsEINtNtB9_6traits14TokenValidatorB13_E8validateB15_
FNDA:0,_RNvXs_NtNtCs39EBjOfa4vQ_10rskit_auth3jwt7serviceINtB4_10JwtServiceNtCs5aORjT3zxjp_23integration_cross_layer10TestClaimsEINtNtB8_6traits14TokenGeneratorB12_E8generateB14_
FNDA:1,_RNCNCNvXs0_NtNtCseA4Ma8KPD5_10rskit_auth3jwt7serviceINtB9_10JwtServiceNtNtB9_5tests10TestClaimsEINtNtBd_6traits14TokenValidatorB16_E8validate00Bd_
FNDA:0,_RNCNCNvXs0_NtNtCseA4Ma8KPD5_10rskit_auth3jwt7serviceINtB9_10JwtServiceNtNtB9_5tests10TestClaimsEINtNtBd_6traits14TokenValidatorB16_E8validate0s_0Bd_
FNDA:0,_RNCNCNvXs_NtNtCseA4Ma8KPD5_10rskit_auth3jwt7serviceINtB8_10JwtServiceNtNtB8_5tests10TestClaimsEINtNtBc_6traits14TokenGeneratorB15_E8generate00Bc_
FNDA:0,_RNCNvNtNtCseA4Ma8KPD5_10rskit_auth3jwt7service10build_keys0B7_
FNDA:0,_RNCNvNtNtCseA4Ma8KPD5_10rskit_auth3jwt7service10build_keyss0_0B7_
FNDA:0,_RNCNvNtNtCseA4Ma8KPD5_10rskit_auth3jwt7service10build_keyss1_0B7_
FNDA:0,_RNCNvNtNtCseA4Ma8KPD5_10rskit_auth3jwt7service10build_keyss2_0B7_
FNDA:0,_RNCNvNtNtCseA4Ma8KPD5_10rskit_auth3jwt7service10build_keyss3_0B7_
FNDA:0,_RNCNvNtNtCseA4Ma8KPD5_10rskit_auth3jwt7service10build_keyss_0B7_
FNDA:1,_RNCNvNtNtCseA4Ma8KPD5_10rskit_auth3jwt7service18ensure_iat_present0B7_
FNDA:4,_RNvMNtNtCseA4Ma8KPD5_10rskit_auth3jwt7serviceINtB2_10JwtServiceNtNtB2_5tests10TestClaimsE3newB6_
FNDA:4,_RNvXs0_NtNtCseA4Ma8KPD5_10rskit_auth3jwt7serviceINtB5_10JwtServiceNtNtB5_5tests10TestClaimsEINtNtB9_6traits14TokenValidatorB12_E8validateB9_
FNDA:3,_RNvXs_NtNtCseA4Ma8KPD5_10rskit_auth3jwt7serviceINtB4_10JwtServiceNtNtB4_5tests10TestClaimsEINtNtB8_6traits14TokenGeneratorB11_E8generateB8_
FNDA:1,_RNCNvNtNtNtCseA4Ma8KPD5_10rskit_auth3jwt7service5testss_20alg_none_is_rejected0B9_
FNDA:1,_RNCNvNtNtNtCseA4Ma8KPD5_10rskit_auth3jwt7service5testss_25roundtrip_sign_and_verify0B9_
FNDA:1,_RNCNvNtNtNtCseA4Ma8KPD5_10rskit_auth3jwt7service5testss_28rs256_roundtrip_is_supported0B9_
FNDA:1,_RNCNvNtNtNtCseA4Ma8KPD5_10rskit_auth3jwt7service5testss_41expired_token_returns_token_expired_error0B9_
FNDA:2,_RNvNtNtNtCseA4Ma8KPD5_10rskit_auth3jwt7service5tests16future_timestamp
FNDA:3,_RNvNtNtNtCseA4Ma8KPD5_10rskit_auth3jwt7service5tests17current_timestamp
FNDA:3,_RNvNtNtNtCseA4Ma8KPD5_10rskit_auth3jwt7service5tests17symmetric_service
FNDA:1,_RNvNtNtNtCseA4Ma8KPD5_10rskit_auth3jwt7service5testss_20alg_none_is_rejected
FNDA:1,_RNvNtNtNtCseA4Ma8KPD5_10rskit_auth3jwt7service5testss_25roundtrip_sign_and_verify
FNDA:1,_RNvNtNtNtCseA4Ma8KPD5_10rskit_auth3jwt7service5testss_28rs256_roundtrip_is_supported
FNDA:1,_RNvNtNtNtCseA4Ma8KPD5_10rskit_auth3jwt7service5testss_41expired_token_returns_token_expired_error
FNDA:4,_RNvNtNtCseA4Ma8KPD5_10rskit_auth3jwt7service10build_keys
FNDA:0,_RNvNtNtCseA4Ma8KPD5_10rskit_auth3jwt7service13jwt_key_error
FNDA:3,_RNvNtNtCseA4Ma8KPD5_10rskit_auth3jwt7service14validation_for
FNDA:4,_RNvNtNtCseA4Ma8KPD5_10rskit_auth3jwt7service15validate_config
FNDA:3,_RNvNtNtCseA4Ma8KPD5_10rskit_auth3jwt7service18ensure_iat_present
FNDA:2,_RNvNtNtCseA4Ma8KPD5_10rskit_auth3jwt7service20map_validation_error
FNDA:8,_RNCNCNvXs0_NtNtCse119Xhl5TNa_10rskit_auth3jwt7serviceINtB9_10JwtServiceNtNtCsaHH06NcKiMe_14security_audit6common14StandardClaimsEINtNtBd_6traits14TokenValidatorB17_E8validate00B1b_
FNDA:0,_RNCNCNvXs0_NtNtCse119Xhl5TNa_10rskit_auth3jwt7serviceINtB9_10JwtServiceNtNtCsaHH06NcKiMe_14security_audit6common14StandardClaimsEINtNtBd_6traits14TokenValidatorB17_E8validate0s_0B1b_
FNDA:0,_RNCNCNvXs_NtNtCse119Xhl5TNa_10rskit_auth3jwt7serviceINtB8_10JwtServiceNtNtCsaHH06NcKiMe_14security_audit6common14StandardClaimsEINtNtBc_6traits14TokenGeneratorB16_E8generate00B1a_
FNDA:9,_RNvMNtNtCse119Xhl5TNa_10rskit_auth3jwt7serviceINtB2_10JwtServiceNtNtCsaHH06NcKiMe_14security_audit6common14StandardClaimsE3newB14_
FNDA:32,_RNvXs0_NtNtCse119Xhl5TNa_10rskit_auth3jwt7serviceINtB5_10JwtServiceNtNtCsaHH06NcKiMe_14security_audit6common14StandardClaimsEINtNtB9_6traits14TokenValidatorB13_E8validateB17_
FNDA:23,_RNvXs_NtNtCse119Xhl5TNa_10rskit_auth3jwt7serviceINtB4_10JwtServiceNtNtCsaHH06NcKiMe_14security_audit6common14StandardClaimsEINtNtB8_6traits14TokenGeneratorB12_E8generateB16_
FNF:35
FNH:21
DA:21,0
DA:22,0
DA:23,0
DA:24,51
DA:25,51
DA:26,51
DA:27,51
DA:28,51
DA:29,51
DA:30,51
DA:31,51
DA:32,51
DA:33,51
DA:35,0
DA:36,51
DA:37,51
DA:38,0
DA:39,0
DA:40,0
DA:41,0
DA:42,51
DA:43,51
DA:44,0
DA:45,0
DA:46,0
DA:47,0
DA:48,51
DA:49,51
DA:50,0
DA:51,0
DA:52,0
DA:53,0
DA:54,51
DA:55,51
DA:56,51
DA:58,51
DA:59,51
DA:60,49
DA:61,49
DA:62,49
DA:63,49
DA:64,0
DA:65,2
DA:66,2
DA:68,2
DA:69,2
DA:70,2
DA:71,2
DA:74,0
DA:75,0
DA:77,0
DA:78,0
DA:79,0
DA:80,0
DA:83,0
DA:84,0
DA:86,0
DA:87,0
DA:88,0
DA:89,0
DA:92,51
DA:94,0
DA:95,0
DA:96,0
DA:97,0
DA:99,0
DA:101,57
DA:102,57
DA:103,57
DA:104,57
DA:105,57
DA:106,57
DA:107,57
DA:108,57
DA:109,57
DA:110,57
DA:112,57
DA:113,57
DA:114,57
DA:115,57
DA:116,57
DA:117,57
DA:118,57
DA:119,48
DA:120,0
DA:121,48
DA:122,48
DA:123,57
DA:125,21
DA:126,21
DA:127,4
DA:134,12
DA:135,5
DA:136,5
DA:137,5
DA:140,21
DA:144,38
DA:147,0
DA:148,0
DA:149,0
DA:150,0
DA:152,0
DA:155,0
DA:156,38
DA:161,70
DA:163,12
DA:172,0
DA:174,70
DA:233,2
DA:234,2
DA:235,2
DA:236,2
DA:237,2
DA:238,2
DA:239,2
DA:241,3
DA:242,3
DA:243,3
DA:244,3
DA:245,3
DA:246,3
DA:248,3
DA:249,3
DA:252,3
DA:254,3
DA:255,3
DA:258,1
DA:259,1
DA:260,1
DA:261,1
DA:262,1
DA:263,1
DA:264,1
DA:265,1
DA:266,1
DA:267,1
DA:268,1
DA:270,1
DA:271,1
DA:272,1
DA:273,1
DA:276,1
DA:277,1
DA:278,1
DA:279,1
DA:280,1
DA:281,1
DA:282,1
DA:283,1
DA:284,1
DA:285,1
DA:286,1
DA:287,1
DA:288,1
DA:289,1
DA:290,1
DA:293,1
DA:294,1
DA:298,1
DA:300,1
DA:301,1
DA:302,1
DA:303,1
DA:304,1
DA:305,1
DA:306,1
DA:307,1
DA:308,1
DA:309,1
DA:310,1
DA:311,1
DA:312,1
DA:313,1
DA:316,1
DA:317,1
DA:318,1
DA:324,1
DA:325,1
DA:326,1
BRF:0
BRH:0
LF:212
LH:146
end_of_record
SF:/Users/kbukum/DEV/skillsenselab/rskit/crates/rskit-auth/src/oidc.rs
FN:67,_RNvMNtCse119Xhl5TNa_10rskit_auth4oidcNtB2_10OidcConfig13with_audience
FN:81,_RNvMNtCse119Xhl5TNa_10rskit_auth4oidcNtB2_10OidcConfig15with_clock_skew
FN:74,_RNvMNtCse119Xhl5TNa_10rskit_auth4oidcNtB2_10OidcConfig23with_allowed_algorithms
FN:86,_RNvMNtCse119Xhl5TNa_10rskit_auth4oidcNtB2_10OidcConfig8validate
FN:268,_RNvMs0_NtCse119Xhl5TNa_10rskit_auth4oidcNtB5_9Audiences8into_vec
FN:340,_RNvMs2_NtCse119Xhl5TNa_10rskit_auth4oidcNtB5_10OidcClient3new
FN:194,_RNvMs_NtCse119Xhl5TNa_10rskit_auth4oidcNtB4_8PkcePair8generate
FN:616,_RNvNtCse119Xhl5TNa_10rskit_auth4oidc14random_urlsafe
FN:593,_RNvNtCse119Xhl5TNa_10rskit_auth4oidc15oidc_validation
FN:626,_RNvNtCse119Xhl5TNa_10rskit_auth4oidc17validate_id_token
FN:604,_RNvNtCse119Xhl5TNa_10rskit_auth4oidc18map_oidc_jwt_error
FN:116,_RNvNtCse119Xhl5TNa_10rskit_auth4oidc23is_allowed_redirect_uri
FN:290,_RNvXs1_NtCse119Xhl5TNa_10rskit_auth4oidcNtB5_21ReqwestOidcHttpClientNtNtCsl8K0bEFm1U0_4core7default7Default7default
FN:299,_RNvXsC_NtCse119Xhl5TNa_10rskit_auth4oidcNtB5_21ReqwestOidcHttpClientNtB5_14OidcHttpClient8get_json
FN:561,_RNCNCNvMs3_NtCse119Xhl5TNa_10rskit_auth4oidcNtB9_10OidcClient10select_jwk00Bb_
FN:502,_RNCNCNvMs3_NtCse119Xhl5TNa_10rskit_auth4oidcNtB9_10OidcClient17validate_id_token00Bb_
FN:518,_RNCNCNvMs3_NtCse119Xhl5TNa_10rskit_auth4oidcNtB9_10OidcClient17validate_id_token0s0_0Bb_
FN:526,_RNCNCNvMs3_NtCse119Xhl5TNa_10rskit_auth4oidcNtB9_10OidcClient17validate_id_token0s1_0Bb_
FN:530,_RNCNCNvMs3_NtCse119Xhl5TNa_10rskit_auth4oidcNtB9_10OidcClient17validate_id_token0s2_0Bb_
FN:533,_RNCNCNvMs3_NtCse119Xhl5TNa_10rskit_auth4oidcNtB9_10OidcClient17validate_id_token0s3_0Bb_
FN:512,_RNCNCNvMs3_NtCse119Xhl5TNa_10rskit_auth4oidcNtB9_10OidcClient17validate_id_token0s_0Bb_
FN:415,_RNCNCNvMs3_NtCse119Xhl5TNa_10rskit_auth4oidcNtB9_10OidcClient4jwks00Bb_
FN:375,_RNCNCNvMs3_NtCse119Xhl5TNa_10rskit_auth4oidcNtB9_10OidcClient8discover00Bb_
FN:396,_RNCNCNvMs3_NtCse119Xhl5TNa_10rskit_auth4oidcNtB9_10OidcClient8discover0s0_0Bb_
FN:386,_RNCNCNvMs3_NtCse119Xhl5TNa_10rskit_auth4oidcNtB9_10OidcClient8discover0s_0Bb_
FN:307,_RNCNCNvXsC_NtCse119Xhl5TNa_10rskit_auth4oidcNtB9_21ReqwestOidcHttpClientNtB9_14OidcHttpClient8get_json00Bb_
FN:317,_RNCNCNvXsC_NtCse119Xhl5TNa_10rskit_auth4oidcNtB9_21ReqwestOidcHttpClientNtB9_14OidcHttpClient8get_json0s_0Bb_
FN:93,_RNCNvMNtCse119Xhl5TNa_10rskit_auth4oidcNtB4_10OidcConfig8validate0B6_
FN:95,_RNCNvMNtCse119Xhl5TNa_10rskit_auth4oidcNtB4_10OidcConfig8validates_0B6_
FN:554,_RNCNvMs3_NtCse119Xhl5TNa_10rskit_auth4oidcNtB7_10OidcClient10select_jwk0B9_
FN:499,_RNCNvMs3_NtCse119Xhl5TNa_10rskit_auth4oidcNtB7_10OidcClient17validate_id_token0B9_
FN:407,_RNCNvMs3_NtCse119Xhl5TNa_10rskit_auth4oidcNtB7_10OidcClient4jwks0B9_
FN:366,_RNCNvMs3_NtCse119Xhl5TNa_10rskit_auth4oidcNtB7_10OidcClient8discover0B9_
FN:629,_RNCNvNtCse119Xhl5TNa_10rskit_auth4oidc17validate_id_token0B5_
FN:554,_RNvMs3_NtCse119Xhl5TNa_10rskit_auth4oidcNtB5_10OidcClient10select_jwkB7_
FN:353,_RNvMs3_NtCse119Xhl5TNa_10rskit_auth4oidcNtB5_10OidcClient16with_http_clientB7_
FN:495,_RNvMs3_NtCse119Xhl5TNa_10rskit_auth4oidcNtB5_10OidcClient17validate_id_tokenB7_
FN:407,_RNvMs3_NtCse119Xhl5TNa_10rskit_auth4oidcNtB5_10OidcClient4jwksB7_
FN:366,_RNvMs3_NtCse119Xhl5TNa_10rskit_auth4oidcNtB5_10OidcClient8discoverB7_
FN:67,_RNvMNtCseA4Ma8KPD5_10rskit_auth4oidcNtB2_10OidcConfig13with_audience
FN:81,_RNvMNtCseA4Ma8KPD5_10rskit_auth4oidcNtB2_10OidcConfig15with_clock_skew
FN:74,_RNvMNtCseA4Ma8KPD5_10rskit_auth4oidcNtB2_10OidcConfig23with_allowed_algorithms
FN:626,_RNvNtCseA4Ma8KPD5_10rskit_auth4oidc17validate_id_token
FN:773,_RNvNtNtCseA4Ma8KPD5_10rskit_auth4oidc5tests11issue_token
FN:734,_RNvNtNtCseA4Ma8KPD5_10rskit_auth4oidc5tests11mock_client
FN:842,_RNvNtNtCseA4Ma8KPD5_10rskit_auth4oidc5testss_26nonce_mismatch_is_rejected
FN:814,_RNvNtNtCseA4Ma8KPD5_10rskit_auth4oidc5testss_26state_mismatch_is_rejected
FN:850,_RNvNtNtCseA4Ma8KPD5_10rskit_auth4oidc5testss_37valid_id_token_and_userinfo_roundtrip
FN:827,_RNvNtNtCseA4Ma8KPD5_10rskit_auth4oidc5testss_42pkce_missing_is_rejected_for_public_client
FN:800,_RNvNtNtCseA4Ma8KPD5_10rskit_auth4oidc5testss_51authorization_request_includes_pkce_state_and_nonce
FN:727,_RNvXs0_NtNtCseA4Ma8KPD5_10rskit_auth4oidc5testsNtB5_14MockHttpClientNtB7_14OidcHttpClient8get_json
FN:47,_RINvMNtCseA4Ma8KPD5_10rskit_auth4oidcNtB3_10OidcConfig3newReBU_BU_EB5_
FN:475,_RNCNCNCNvMs3_NtCseA4Ma8KPD5_10rskit_auth4oidcINtBb_10OidcClientNtNtBb_5tests14MockHttpClientE28build_token_exchange_request000Bd_
FN:561,_RNCNCNvMs3_NtCseA4Ma8KPD5_10rskit_auth4oidcINtB9_10OidcClientNtNtB9_5tests14MockHttpClientE10select_jwk00Bb_
FN:580,_RNCNCNvMs3_NtCseA4Ma8KPD5_10rskit_auth4oidcINtB9_10OidcClientNtNtB9_5tests14MockHttpClientE14fetch_userinfo00Bb_
FN:587,_RNCNCNvMs3_NtCseA4Ma8KPD5_10rskit_auth4oidcINtB9_10OidcClientNtNtB9_5tests14MockHttpClientE14fetch_userinfo0s_0Bb_
FN:502,_RNCNCNvMs3_NtCseA4Ma8KPD5_10rskit_auth4oidcINtB9_10OidcClientNtNtB9_5tests14MockHttpClientE17validate_id_token00Bb_
FN:518,_RNCNCNvMs3_NtCseA4Ma8KPD5_10rskit_auth4oidcINtB9_10OidcClientNtNtB9_5tests14MockHttpClientE17validate_id_token0s0_0Bb_
FN:526,_RNCNCNvMs3_NtCseA4Ma8KPD5_10rskit_auth4oidcINtB9_10OidcClientNtNtB9_5tests14MockHttpClientE17validate_id_token0s1_0Bb_
FN:530,_RNCNCNvMs3_NtCseA4Ma8KPD5_10rskit_auth4oidcINtB9_10OidcClientNtNtB9_5tests14MockHttpClientE17validate_id_token0s2_0Bb_
FN:533,_RNCNCNvMs3_NtCseA4Ma8KPD5_10rskit_auth4oidcINtB9_10OidcClientNtNtB9_5tests14MockHttpClientE17validate_id_token0s3_0Bb_
FN:512,_RNCNCNvMs3_NtCseA4Ma8KPD5_10rskit_auth4oidcINtB9_10OidcClientNtNtB9_5tests14MockHttpClientE17validate_id_token0s_0Bb_
FN:433,_RNCNCNvMs3_NtCseA4Ma8KPD5_10rskit_auth4oidcINtB9_10OidcClientNtNtB9_5tests14MockHttpClientE27build_authorization_request00Bb_
FN:475,_RNCNCNvMs3_NtCseA4Ma8KPD5_10rskit_auth4oidcINtB9_10OidcClientNtNtB9_5tests14MockHttpClientE28build_token_exchange_request00Bb_
FN:415,_RNCNCNvMs3_NtCseA4Ma8KPD5_10rskit_auth4oidcINtB9_10OidcClientNtNtB9_5tests14MockHttpClientE4jwks00Bb_
FN:375,_RNCNCNvMs3_NtCseA4Ma8KPD5_10rskit_auth4oidcINtB9_10OidcClientNtNtB9_5tests14MockHttpClientE8discover00Bb_
FN:396,_RNCNCNvMs3_NtCseA4Ma8KPD5_10rskit_auth4oidcINtB9_10OidcClientNtNtB9_5tests14MockHttpClientE8discover0s0_0Bb_
FN:386,_RNCNCNvMs3_NtCseA4Ma8KPD5_10rskit_auth4oidcINtB9_10OidcClientNtNtB9_5tests14MockHttpClientE8discover0s_0Bb_
FN:561,_RNCNCNvMs3_NtCseA4Ma8KPD5_10rskit_auth4oidcNtB9_10OidcClient10select_jwk00Bb_
FN:502,_RNCNCNvMs3_NtCseA4Ma8KPD5_10rskit_auth4oidcNtB9_10OidcClient17validate_id_token00Bb_
FN:518,_RNCNCNvMs3_NtCseA4Ma8KPD5_10rskit_auth4oidcNtB9_10OidcClient17validate_id_token0s0_0Bb_
FN:526,_RNCNCNvMs3_NtCseA4Ma8KPD5_10rskit_auth4oidcNtB9_10OidcClient17validate_id_token0s1_0Bb_
FN:530,_RNCNCNvMs3_NtCseA4Ma8KPD5_10rskit_auth4oidcNtB9_10OidcClient17validate_id_token0s2_0Bb_
FN:533,_RNCNCNvMs3_NtCseA4Ma8KPD5_10rskit_auth4oidcNtB9_10OidcClient17validate_id_token0s3_0Bb_
FN:512,_RNCNCNvMs3_NtCseA4Ma8KPD5_10rskit_auth4oidcNtB9_10OidcClient17validate_id_token0s_0Bb_
FN:415,_RNCNCNvMs3_NtCseA4Ma8KPD5_10rskit_auth4oidcNtB9_10OidcClient4jwks00Bb_
FN:375,_RNCNCNvMs3_NtCseA4Ma8KPD5_10rskit_auth4oidcNtB9_10OidcClient8discover00Bb_
FN:396,_RNCNCNvMs3_NtCseA4Ma8KPD5_10rskit_auth4oidcNtB9_10OidcClient8discover0s0_0Bb_
FN:386,_RNCNCNvMs3_NtCseA4Ma8KPD5_10rskit_auth4oidcNtB9_10OidcClient8discover0s_0Bb_
FN:307,_RNCNCNvXsC_NtCseA4Ma8KPD5_10rskit_auth4oidcNtB9_21ReqwestOidcHttpClientNtB9_14OidcHttpClient8get_json00Bb_
FN:317,_RNCNCNvXsC_NtCseA4Ma8KPD5_10rskit_auth4oidcNtB9_21ReqwestOidcHttpClientNtB9_14OidcHttpClient8get_json0s_0Bb_
FN:93,_RNCNvMNtCseA4Ma8KPD5_10rskit_auth4oidcNtB4_10OidcConfig8validate0B6_
FN:95,_RNCNvMNtCseA4Ma8KPD5_10rskit_auth4oidcNtB4_10OidcConfig8validates_0B6_
FN:554,_RNCNvMs3_NtCseA4Ma8KPD5_10rskit_auth4oidcINtB7_10OidcClientNtNtB7_5tests14MockHttpClientE10select_jwk0B9_
FN:578,_RNCNvMs3_NtCseA4Ma8KPD5_10rskit_auth4oidcINtB7_10OidcClientNtNtB7_5tests14MockHttpClientE14fetch_userinfo0B9_
FN:499,_RNCNvMs3_NtCseA4Ma8KPD5_10rskit_auth4oidcINtB7_10OidcClientNtNtB7_5tests14MockHttpClientE17validate_id_token0B9_
FN:427,_RNCNvMs3_NtCseA4Ma8KPD5_10rskit_auth4oidcINtB7_10OidcClientNtNtB7_5tests14MockHttpClientE27build_authorization_request0B9_
FN:468,_RNCNvMs3_NtCseA4Ma8KPD5_10rskit_auth4oidcINtB7_10OidcClientNtNtB7_5tests14MockHttpClientE28build_token_exchange_request0B9_
FN:407,_RNCNvMs3_NtCseA4Ma8KPD5_10rskit_auth4oidcINtB7_10OidcClientNtNtB7_5tests14MockHttpClientE4jwks0B9_
FN:366,_RNCNvMs3_NtCseA4Ma8KPD5_10rskit_auth4oidcINtB7_10OidcClientNtNtB7_5tests14MockHttpClientE8discover0B9_
FN:554,_RNCNvMs3_NtCseA4Ma8KPD5_10rskit_auth4oidcNtB7_10OidcClient10select_jwk0B9_
FN:499,_RNCNvMs3_NtCseA4Ma8KPD5_10rskit_auth4oidcNtB7_10OidcClient17validate_id_token0B9_
FN:407,_RNCNvMs3_NtCseA4Ma8KPD5_10rskit_auth4oidcNtB7_10OidcClient4jwks0B9_
FN:366,_RNCNvMs3_NtCseA4Ma8KPD5_10rskit_auth4oidcNtB7_10OidcClient8discover0B9_
FN:629,_RNCNvNtCseA4Ma8KPD5_10rskit_auth4oidc17validate_id_token0B5_
FN:554,_RNvMs3_NtCseA4Ma8KPD5_10rskit_auth4oidcINtB5_10OidcClientNtNtB5_5tests14MockHttpClientE10select_jwkB7_
FN:578,_RNvMs3_NtCseA4Ma8KPD5_10rskit_auth4oidcINtB5_10OidcClientNtNtB5_5tests14MockHttpClientE14fetch_userinfoB7_
FN:353,_RNvMs3_NtCseA4Ma8KPD5_10rskit_auth4oidcINtB5_10OidcClientNtNtB5_5tests14MockHttpClientE16with_http_clientB7_
FN:495,_RNvMs3_NtCseA4Ma8KPD5_10rskit_auth4oidcINtB5_10OidcClientNtNtB5_5tests14MockHttpClientE17validate_id_tokenB7_
FN:424,_RNvMs3_NtCseA4Ma8KPD5_10rskit_auth4oidcINtB5_10OidcClientNtNtB5_5tests14MockHttpClientE27build_authorization_requestB7_
FN:462,_RNvMs3_NtCseA4Ma8KPD5_10rskit_auth4oidcINtB5_10OidcClientNtNtB5_5tests14MockHttpClientE28build_token_exchange_requestB7_
FN:407,_RNvMs3_NtCseA4Ma8KPD5_10rskit_auth4oidcINtB5_10OidcClientNtNtB5_5tests14MockHttpClientE4jwksB7_
FN:366,_RNvMs3_NtCseA4Ma8KPD5_10rskit_auth4oidcINtB5_10OidcClientNtNtB5_5tests14MockHttpClientE8discoverB7_
FN:554,_RNvMs3_NtCseA4Ma8KPD5_10rskit_auth4oidcNtB5_10OidcClient10select_jwkB7_
FN:353,_RNvMs3_NtCseA4Ma8KPD5_10rskit_auth4oidcNtB5_10OidcClient16with_http_clientB7_
FN:495,_RNvMs3_NtCseA4Ma8KPD5_10rskit_auth4oidcNtB5_10OidcClient17validate_id_tokenB7_
FN:407,_RNvMs3_NtCseA4Ma8KPD5_10rskit_auth4oidcNtB5_10OidcClient4jwksB7_
FN:366,_RNvMs3_NtCseA4Ma8KPD5_10rskit_auth4oidcNtB5_10OidcClient8discoverB7_
FN:86,_RNvMNtCseA4Ma8KPD5_10rskit_auth4oidcNtB2_10OidcConfig8validate
FN:268,_RNvMs0_NtCseA4Ma8KPD5_10rskit_auth4oidcNtB5_9Audiences8into_vec
FN:340,_RNvMs2_NtCseA4Ma8KPD5_10rskit_auth4oidcNtB5_10OidcClient3new
FN:194,_RNvMs_NtCseA4Ma8KPD5_10rskit_auth4oidcNtB4_8PkcePair8generate
FN:616,_RNvNtCseA4Ma8KPD5_10rskit_auth4oidc14random_urlsafe
FN:593,_RNvNtCseA4Ma8KPD5_10rskit_auth4oidc15oidc_validation
FN:604,_RNvNtCseA4Ma8KPD5_10rskit_auth4oidc18map_oidc_jwt_error
FN:116,_RNvNtCseA4Ma8KPD5_10rskit_auth4oidc23is_allowed_redirect_uri
FN:290,_RNvXs1_NtCseA4Ma8KPD5_10rskit_auth4oidcNtB5_21ReqwestOidcHttpClientNtNtCsl8K0bEFm1U0_4core7default7Default7default
FN:299,_RNvXsC_NtCseA4Ma8KPD5_10rskit_auth4oidcNtB5_21ReqwestOidcHttpClientNtB5_14OidcHttpClient8get_json
FN:728,_RNCNCNvXs0_NtNtCseA4Ma8KPD5_10rskit_auth4oidc5testsNtB9_14MockHttpClientNtBb_14OidcHttpClient8get_json00Bd_
FN:842,_RNCNvNtNtCseA4Ma8KPD5_10rskit_auth4oidc5testss_26nonce_mismatch_is_rejected0B7_
FN:814,_RNCNvNtNtCseA4Ma8KPD5_10rskit_auth4oidc5testss_26state_mismatch_is_rejected0B7_
FN:850,_RNCNvNtNtCseA4Ma8KPD5_10rskit_auth4oidc5testss_37valid_id_token_and_userinfo_roundtrip0B7_
FN:827,_RNCNvNtNtCseA4Ma8KPD5_10rskit_auth4oidc5testss_42pkce_missing_is_rejected_for_public_client0B7_
FN:800,_RNCNvNtNtCseA4Ma8KPD5_10rskit_auth4oidc5testss_51authorization_request_includes_pkce_state_and_nonce0B7_
FNDA:0,_RNvMNtCse119Xhl5TNa_10rskit_auth4oidcNtB2_10OidcConfig13with_audience
FNDA:0,_RNvMNtCse119Xhl5TNa_10rskit_auth4oidcNtB2_10OidcConfig15with_clock_skew
FNDA:0,_RNvMNtCse119Xhl5TNa_10rskit_auth4oidcNtB2_10OidcConfig23with_allowed_algorithms
FNDA:0,_RNvMNtCse119Xhl5TNa_10rskit_auth4oidcNtB2_10OidcConfig8validate
FNDA:0,_RNvMs0_NtCse119Xhl5TNa_10rskit_auth4oidcNtB5_9Audiences8into_vec
FNDA:0,_RNvMs2_NtCse119Xhl5TNa_10rskit_auth4oidcNtB5_10OidcClient3new
FNDA:0,_RNvMs_NtCse119Xhl5TNa_10rskit_auth4oidcNtB4_8PkcePair8generate
FNDA:0,_RNvNtCse119Xhl5TNa_10rskit_auth4oidc14random_urlsafe
FNDA:0,_RNvNtCse119Xhl5TNa_10rskit_auth4oidc15oidc_validation
FNDA:0,_RNvNtCse119Xhl5TNa_10rskit_auth4oidc17validate_id_token
FNDA:0,_RNvNtCse119Xhl5TNa_10rskit_auth4oidc18map_oidc_jwt_error
FNDA:0,_RNvNtCse119Xhl5TNa_10rskit_auth4oidc23is_allowed_redirect_uri
FNDA:0,_RNvXs1_NtCse119Xhl5TNa_10rskit_auth4oidcNtB5_21ReqwestOidcHttpClientNtNtCsl8K0bEFm1U0_4core7default7Default7default
FNDA:0,_RNvXsC_NtCse119Xhl5TNa_10rskit_auth4oidcNtB5_21ReqwestOidcHttpClientNtB5_14OidcHttpClient8get_json
FNDA:0,_RNCNCNvMs3_NtCse119Xhl5TNa_10rskit_auth4oidcNtB9_10OidcClient10select_jwk00Bb_
FNDA:0,_RNCNCNvMs3_NtCse119Xhl5TNa_10rskit_auth4oidcNtB9_10OidcClient17validate_id_token00Bb_
FNDA:0,_RNCNCNvMs3_NtCse119Xhl5TNa_10rskit_auth4oidcNtB9_10OidcClient17validate_id_token0s0_0Bb_
FNDA:0,_RNCNCNvMs3_NtCse119Xhl5TNa_10rskit_auth4oidcNtB9_10OidcClient17validate_id_token0s1_0Bb_
FNDA:0,_RNCNCNvMs3_NtCse119Xhl5TNa_10rskit_auth4oidcNtB9_10OidcClient17validate_id_token0s2_0Bb_
FNDA:0,_RNCNCNvMs3_NtCse119Xhl5TNa_10rskit_auth4oidcNtB9_10OidcClient17validate_id_token0s3_0Bb_
FNDA:0,_RNCNCNvMs3_NtCse119Xhl5TNa_10rskit_auth4oidcNtB9_10OidcClient17validate_id_token0s_0Bb_
FNDA:0,_RNCNCNvMs3_NtCse119Xhl5TNa_10rskit_auth4oidcNtB9_10OidcClient4jwks00Bb_
FNDA:0,_RNCNCNvMs3_NtCse119Xhl5TNa_10rskit_auth4oidcNtB9_10OidcClient8discover00Bb_
FNDA:0,_RNCNCNvMs3_NtCse119Xhl5TNa_10rskit_auth4oidcNtB9_10OidcClient8discover0s0_0Bb_
FNDA:0,_RNCNCNvMs3_NtCse119Xhl5TNa_10rskit_auth4oidcNtB9_10OidcClient8discover0s_0Bb_
FNDA:0,_RNCNCNvXsC_NtCse119Xhl5TNa_10rskit_auth4oidcNtB9_21ReqwestOidcHttpClientNtB9_14OidcHttpClient8get_json00Bb_
FNDA:0,_RNCNCNvXsC_NtCse119Xhl5TNa_10rskit_auth4oidcNtB9_21ReqwestOidcHttpClientNtB9_14OidcHttpClient8get_json0s_0Bb_
FNDA:0,_RNCNvMNtCse119Xhl5TNa_10rskit_auth4oidcNtB4_10OidcConfig8validate0B6_
FNDA:0,_RNCNvMNtCse119Xhl5TNa_10rskit_auth4oidcNtB4_10OidcConfig8validates_0B6_
FNDA:0,_RNCNvMs3_NtCse119Xhl5TNa_10rskit_auth4oidcNtB7_10OidcClient10select_jwk0B9_
FNDA:0,_RNCNvMs3_NtCse119Xhl5TNa_10rskit_auth4oidcNtB7_10OidcClient17validate_id_token0B9_
FNDA:0,_RNCNvMs3_NtCse119Xhl5TNa_10rskit_auth4oidcNtB7_10OidcClient4jwks0B9_
FNDA:0,_RNCNvMs3_NtCse119Xhl5TNa_10rskit_auth4oidcNtB7_10OidcClient8discover0B9_
FNDA:0,_RNCNvNtCse119Xhl5TNa_10rskit_auth4oidc17validate_id_token0B5_
FNDA:0,_RNvMs3_NtCse119Xhl5TNa_10rskit_auth4oidcNtB5_10OidcClient10select_jwkB7_
FNDA:0,_RNvMs3_NtCse119Xhl5TNa_10rskit_auth4oidcNtB5_10OidcClient16with_http_clientB7_
FNDA:0,_RNvMs3_NtCse119Xhl5TNa_10rskit_auth4oidcNtB5_10OidcClient17validate_id_tokenB7_
FNDA:0,_RNvMs3_NtCse119Xhl5TNa_10rskit_auth4oidcNtB5_10OidcClient4jwksB7_
FNDA:0,_RNvMs3_NtCse119Xhl5TNa_10rskit_auth4oidcNtB5_10OidcClient8discoverB7_
FNDA:0,_RNvMNtCseA4Ma8KPD5_10rskit_auth4oidcNtB2_10OidcConfig13with_audience
FNDA:0,_RNvMNtCseA4Ma8KPD5_10rskit_auth4oidcNtB2_10OidcConfig15with_clock_skew
FNDA:0,_RNvMNtCseA4Ma8KPD5_10rskit_auth4oidcNtB2_10OidcConfig23with_allowed_algorithms
FNDA:0,_RNvNtCseA4Ma8KPD5_10rskit_auth4oidc17validate_id_token
FNDA:2,_RNvNtNtCseA4Ma8KPD5_10rskit_auth4oidc5tests11issue_token
FNDA:5,_RNvNtNtCseA4Ma8KPD5_10rskit_auth4oidc5tests11mock_client
FNDA:1,_RNvNtNtCseA4Ma8KPD5_10rskit_auth4oidc5testss_26nonce_mismatch_is_rejected
FNDA:1,_RNvNtNtCseA4Ma8KPD5_10rskit_auth4oidc5testss_26state_mismatch_is_rejected
FNDA:1,_RNvNtNtCseA4Ma8KPD5_10rskit_auth4oidc5testss_37valid_id_token_and_userinfo_roundtrip
FNDA:1,_RNvNtNtCseA4Ma8KPD5_10rskit_auth4oidc5testss_42pkce_missing_is_rejected_for_public_client
FNDA:1,_RNvNtNtCseA4Ma8KPD5_10rskit_auth4oidc5testss_51authorization_request_includes_pkce_state_and_nonce
FNDA:7,_RNvXs0_NtNtCseA4Ma8KPD5_10rskit_auth4oidc5testsNtB5_14MockHttpClientNtB7_14OidcHttpClient8get_json
FNDA:5,_RINvMNtCseA4Ma8KPD5_10rskit_auth4oidcNtB3_10OidcConfig3newReBU_BU_EB5_
FNDA:0,_RNCNCNCNvMs3_NtCseA4Ma8KPD5_10rskit_auth4oidcINtBb_10OidcClientNtNtBb_5tests14MockHttpClientE28build_token_exchange_request000Bd_
FNDA:2,_RNCNCNvMs3_NtCseA4Ma8KPD5_10rskit_auth4oidcINtB9_10OidcClientNtNtB9_5tests14MockHttpClientE10select_jwk00Bb_
FNDA:0,_RNCNCNvMs3_NtCseA4Ma8KPD5_10rskit_auth4oidcINtB9_10OidcClientNtNtB9_5tests14MockHttpClientE14fetch_userinfo00Bb_
FNDA:0,_RNCNCNvMs3_NtCseA4Ma8KPD5_10rskit_auth4oidcINtB9_10OidcClientNtNtB9_5tests14MockHttpClientE14fetch_userinfo0s_0Bb_
FNDA:0,_RNCNCNvMs3_NtCseA4Ma8KPD5_10rskit_auth4oidcINtB9_10OidcClientNtNtB9_5tests14MockHttpClientE17validate_id_token00Bb_
FNDA:0,_RNCNCNvMs3_NtCseA4Ma8KPD5_10rskit_auth4oidcINtB9_10OidcClientNtNtB9_5tests14MockHttpClientE17validate_id_token0s0_0Bb_
FNDA:0,_RNCNCNvMs3_NtCseA4Ma8KPD5_10rskit_auth4oidcINtB9_10OidcClientNtNtB9_5tests14MockHttpClientE17validate_id_token0s1_0Bb_
FNDA:0,_RNCNCNvMs3_NtCseA4Ma8KPD5_10rskit_auth4oidcINtB9_10OidcClientNtNtB9_5tests14MockHttpClientE17validate_id_token0s2_0Bb_
FNDA:0,_RNCNCNvMs3_NtCseA4Ma8KPD5_10rskit_auth4oidcINtB9_10OidcClientNtNtB9_5tests14MockHttpClientE17validate_id_token0s3_0Bb_
FNDA:2,_RNCNCNvMs3_NtCseA4Ma8KPD5_10rskit_auth4oidcINtB9_10OidcClientNtNtB9_5tests14MockHttpClientE17validate_id_token0s_0Bb_
FNDA:0,_RNCNCNvMs3_NtCseA4Ma8KPD5_10rskit_auth4oidcINtB9_10OidcClientNtNtB9_5tests14MockHttpClientE27build_authorization_request00Bb_
FNDA:1,_RNCNCNvMs3_NtCseA4Ma8KPD5_10rskit_auth4oidcINtB9_10OidcClientNtNtB9_5tests14MockHttpClientE28build_token_exchange_request00Bb_
FNDA:0,_RNCNCNvMs3_NtCseA4Ma8KPD5_10rskit_auth4oidcINtB9_10OidcClientNtNtB9_5tests14MockHttpClientE4jwks00Bb_
FNDA:0,_RNCNCNvMs3_NtCseA4Ma8KPD5_10rskit_auth4oidcINtB9_10OidcClientNtNtB9_5tests14MockHttpClientE8discover00Bb_
FNDA:4,_RNCNCNvMs3_NtCseA4Ma8KPD5_10rskit_auth4oidcINtB9_10OidcClientNtNtB9_5tests14MockHttpClientE8discover0s0_0Bb_
FNDA:4,_RNCNCNvMs3_NtCseA4Ma8KPD5_10rskit_auth4oidcINtB9_10OidcClientNtNtB9_5tests14MockHttpClientE8discover0s_0Bb_
FNDA:0,_RNCNCNvMs3_NtCseA4Ma8KPD5_10rskit_auth4oidcNtB9_10OidcClient10select_jwk00Bb_
FNDA:0,_RNCNCNvMs3_NtCseA4Ma8KPD5_10rskit_auth4oidcNtB9_10OidcClient17validate_id_token00Bb_
FNDA:0,_RNCNCNvMs3_NtCseA4Ma8KPD5_10rskit_auth4oidcNtB9_10OidcClient17validate_id_token0s0_0Bb_
FNDA:0,_RNCNCNvMs3_NtCseA4Ma8KPD5_10rskit_auth4oidcNtB9_10OidcClient17validate_id_token0s1_0Bb_
FNDA:0,_RNCNCNvMs3_NtCseA4Ma8KPD5_10rskit_auth4oidcNtB9_10OidcClient17validate_id_token0s2_0Bb_
FNDA:0,_RNCNCNvMs3_NtCseA4Ma8KPD5_10rskit_auth4oidcNtB9_10OidcClient17validate_id_token0s3_0Bb_
FNDA:0,_RNCNCNvMs3_NtCseA4Ma8KPD5_10rskit_auth4oidcNtB9_10OidcClient17validate_id_token0s_0Bb_
FNDA:0,_RNCNCNvMs3_NtCseA4Ma8KPD5_10rskit_auth4oidcNtB9_10OidcClient4jwks00Bb_
FNDA:0,_RNCNCNvMs3_NtCseA4Ma8KPD5_10rskit_auth4oidcNtB9_10OidcClient8discover00Bb_
FNDA:0,_RNCNCNvMs3_NtCseA4Ma8KPD5_10rskit_auth4oidcNtB9_10OidcClient8discover0s0_0Bb_
FNDA:0,_RNCNCNvMs3_NtCseA4Ma8KPD5_10rskit_auth4oidcNtB9_10OidcClient8discover0s_0Bb_
FNDA:0,_RNCNCNvXsC_NtCseA4Ma8KPD5_10rskit_auth4oidcNtB9_21ReqwestOidcHttpClientNtB9_14OidcHttpClient8get_json00Bb_
FNDA:0,_RNCNCNvXsC_NtCseA4Ma8KPD5_10rskit_auth4oidcNtB9_21ReqwestOidcHttpClientNtB9_14OidcHttpClient8get_json0s_0Bb_
FNDA:0,_RNCNvMNtCseA4Ma8KPD5_10rskit_auth4oidcNtB4_10OidcConfig8validate0B6_
FNDA:0,_RNCNvMNtCseA4Ma8KPD5_10rskit_auth4oidcNtB4_10OidcConfig8validates_0B6_
FNDA:2,_RNCNvMs3_NtCseA4Ma8KPD5_10rskit_auth4oidcINtB7_10OidcClientNtNtB7_5tests14MockHttpClientE10select_jwk0B9_
FNDA:1,_RNCNvMs3_NtCseA4Ma8KPD5_10rskit_auth4oidcINtB7_10OidcClientNtNtB7_5tests14MockHttpClientE14fetch_userinfo0B9_
FNDA:2,_RNCNvMs3_NtCseA4Ma8KPD5_10rskit_auth4oidcINtB7_10OidcClientNtNtB7_5tests14MockHttpClientE17validate_id_token0B9_
FNDA:2,_RNCNvMs3_NtCseA4Ma8KPD5_10rskit_auth4oidcINtB7_10OidcClientNtNtB7_5tests14MockHttpClientE27build_authorization_request0B9_
FNDA:2,_RNCNvMs3_NtCseA4Ma8KPD5_10rskit_auth4oidcINtB7_10OidcClientNtNtB7_5tests14MockHttpClientE28build_token_exchange_request0B9_
FNDA:2,_RNCNvMs3_NtCseA4Ma8KPD5_10rskit_auth4oidcINtB7_10OidcClientNtNtB7_5tests14MockHttpClientE4jwks0B9_
FNDA:7,_RNCNvMs3_NtCseA4Ma8KPD5_10rskit_auth4oidcINtB7_10OidcClientNtNtB7_5tests14MockHttpClientE8discover0B9_
FNDA:0,_RNCNvMs3_NtCseA4Ma8KPD5_10rskit_auth4oidcNtB7_10OidcClient10select_jwk0B9_
FNDA:0,_RNCNvMs3_NtCseA4Ma8KPD5_10rskit_auth4oidcNtB7_10OidcClient17validate_id_token0B9_
FNDA:0,_RNCNvMs3_NtCseA4Ma8KPD5_10rskit_auth4oidcNtB7_10OidcClient4jwks0B9_
FNDA:0,_RNCNvMs3_NtCseA4Ma8KPD5_10rskit_auth4oidcNtB7_10OidcClient8discover0B9_
FNDA:0,_RNCNvNtCseA4Ma8KPD5_10rskit_auth4oidc17validate_id_token0B5_
FNDA:2,_RNvMs3_NtCseA4Ma8KPD5_10rskit_auth4oidcINtB5_10OidcClientNtNtB5_5tests14MockHttpClientE10select_jwkB7_
FNDA:1,_RNvMs3_NtCseA4Ma8KPD5_10rskit_auth4oidcINtB5_10OidcClientNtNtB5_5tests14MockHttpClientE14fetch_userinfoB7_
FNDA:5,_RNvMs3_NtCseA4Ma8KPD5_10rskit_auth4oidcINtB5_10OidcClientNtNtB5_5tests14MockHttpClientE16with_http_clientB7_
FNDA:2,_RNvMs3_NtCseA4Ma8KPD5_10rskit_auth4oidcINtB5_10OidcClientNtNtB5_5tests14MockHttpClientE17validate_id_tokenB7_
FNDA:2,_RNvMs3_NtCseA4Ma8KPD5_10rskit_auth4oidcINtB5_10OidcClientNtNtB5_5tests14MockHttpClientE27build_authorization_requestB7_
FNDA:2,_RNvMs3_NtCseA4Ma8KPD5_10rskit_auth4oidcINtB5_10OidcClientNtNtB5_5tests14MockHttpClientE28build_token_exchange_requestB7_
FNDA:2,_RNvMs3_NtCseA4Ma8KPD5_10rskit_auth4oidcINtB5_10OidcClientNtNtB5_5tests14MockHttpClientE4jwksB7_
FNDA:7,_RNvMs3_NtCseA4Ma8KPD5_10rskit_auth4oidcINtB5_10OidcClientNtNtB5_5tests14MockHttpClientE8discoverB7_
FNDA:0,_RNvMs3_NtCseA4Ma8KPD5_10rskit_auth4oidcNtB5_10OidcClient10select_jwkB7_
FNDA:0,_RNvMs3_NtCseA4Ma8KPD5_10rskit_auth4oidcNtB5_10OidcClient16with_http_clientB7_
FNDA:0,_RNvMs3_NtCseA4Ma8KPD5_10rskit_auth4oidcNtB5_10OidcClient17validate_id_tokenB7_
FNDA:0,_RNvMs3_NtCseA4Ma8KPD5_10rskit_auth4oidcNtB5_10OidcClient4jwksB7_
FNDA:0,_RNvMs3_NtCseA4Ma8KPD5_10rskit_auth4oidcNtB5_10OidcClient8discoverB7_
FNDA:5,_RNvMNtCseA4Ma8KPD5_10rskit_auth4oidcNtB2_10OidcConfig8validate
FNDA:1,_RNvMs0_NtCseA4Ma8KPD5_10rskit_auth4oidcNtB5_9Audiences8into_vec
FNDA:0,_RNvMs2_NtCseA4Ma8KPD5_10rskit_auth4oidcNtB5_10OidcClient3new
FNDA:2,_RNvMs_NtCseA4Ma8KPD5_10rskit_auth4oidcNtB4_8PkcePair8generate
FNDA:4,_RNvNtCseA4Ma8KPD5_10rskit_auth4oidc14random_urlsafe
FNDA:2,_RNvNtCseA4Ma8KPD5_10rskit_auth4oidc15oidc_validation
FNDA:0,_RNvNtCseA4Ma8KPD5_10rskit_auth4oidc18map_oidc_jwt_error
FNDA:5,_RNvNtCseA4Ma8KPD5_10rskit_auth4oidc23is_allowed_redirect_uri
FNDA:0,_RNvXs1_NtCseA4Ma8KPD5_10rskit_auth4oidcNtB5_21ReqwestOidcHttpClientNtNtCsl8K0bEFm1U0_4core7default7Default7default
FNDA:0,_RNvXsC_NtCseA4Ma8KPD5_10rskit_auth4oidcNtB5_21ReqwestOidcHttpClientNtB5_14OidcHttpClient8get_json
FNDA:0,_RNCNCNvXs0_NtNtCseA4Ma8KPD5_10rskit_auth4oidc5testsNtB9_14MockHttpClientNtBb_14OidcHttpClient8get_json00Bd_
FNDA:1,_RNCNvNtNtCseA4Ma8KPD5_10rskit_auth4oidc5testss_26nonce_mismatch_is_rejected0B7_
FNDA:1,_RNCNvNtNtCseA4Ma8KPD5_10rskit_auth4oidc5testss_26state_mismatch_is_rejected0B7_
FNDA:1,_RNCNvNtNtCseA4Ma8KPD5_10rskit_auth4oidc5testss_37valid_id_token_and_userinfo_roundtrip0B7_
FNDA:1,_RNCNvNtNtCseA4Ma8KPD5_10rskit_auth4oidc5testss_42pkce_missing_is_rejected_for_public_client0B7_
FNDA:1,_RNCNvNtNtCseA4Ma8KPD5_10rskit_auth4oidc5testss_51authorization_request_includes_pkce_state_and_nonce0B7_
FNF:65
FNH:40
DA:47,5
DA:48,5
DA:49,5
DA:50,5
DA:51,5
DA:52,5
DA:53,5
DA:54,5
DA:55,5
DA:56,5
DA:57,5
DA:58,5
DA:59,5
DA:60,5
DA:61,5
DA:62,5
DA:63,5
DA:67,0
DA:68,0
DA:69,0
DA:70,0
DA:74,0
DA:75,0
DA:76,0
DA:77,0
DA:81,0
DA:82,0
DA:83,0
DA:84,0
DA:86,5
DA:87,5
DA:88,0
DA:89,0
DA:90,0
DA:91,5
DA:92,5
DA:93,5
DA:94,5
DA:95,5
DA:97,5
DA:98,0
DA:99,0
DA:100,0
DA:101,5
DA:102,5
DA:103,0
DA:104,0
DA:105,0
DA:106,5
DA:107,5
DA:108,0
DA:109,0
DA:110,0
DA:111,5
DA:112,5
DA:113,5
DA:116,5
DA:117,5
DA:118,5
DA:119,0
DA:120,0
DA:121,0
DA:123,0
DA:124,0
DA:125,0
DA:126,5
DA:194,2
DA:195,2
DA:196,2
DA:197,2
DA:198,2
DA:199,2
DA:200,2
DA:201,2
DA:202,2
DA:203,2
DA:204,2
DA:205,2
DA:268,1
DA:269,1
DA:270,0
DA:271,1
DA:273,1
DA:290,0
DA:291,0
DA:292,0
DA:293,0
DA:294,0
DA:299,0
DA:307,0
DA:317,0
DA:318,0
DA:340,0
DA:341,0
DA:342,0
DA:353,5
DA:354,5
DA:355,5
DA:356,5
DA:357,5
DA:358,5
DA:359,5
DA:360,5
DA:366,7
DA:367,7
DA:368,7
DA:369,3
DA:370,4
DA:372,4
DA:373,4
DA:374,4
DA:375,4
DA:376,0
DA:377,0
DA:378,4
DA:379,0
DA:380,0
DA:381,0
DA:382,4
DA:383,4
DA:384,4
DA:385,4
DA:386,4
DA:388,0
DA:389,0
DA:390,0
DA:391,4
DA:392,4
DA:393,4
DA:394,4
DA:395,4
DA:396,4
DA:398,0
DA:399,0
DA:400,0
DA:401,4
DA:403,4
DA:404,4
DA:405,7
DA:407,2
DA:408,2
DA:409,0
DA:410,2
DA:412,2
DA:413,2
DA:414,2
DA:415,2
DA:416,2
DA:417,2
DA:418,2
DA:424,2
DA:425,2
DA:426,2
DA:427,2
DA:428,2
DA:429,2
DA:430,2
DA:431,2
DA:433,2
DA:434,0
DA:435,0
DA:437,2
DA:438,2
DA:439,2
DA:440,2
DA:441,2
DA:442,2
DA:443,2
DA:444,2
DA:445,2
DA:446,2
DA:447,2
DA:450,2
DA:451,2
DA:452,2
DA:453,2
DA:454,2
DA:455,2
DA:456,2
DA:462,2
DA:463,2
DA:464,2
DA:465,2
DA:466,2
DA:467,2
DA:468,2
DA:469,2
DA:470,1
DA:471,1
DA:473,1
DA:474,1
DA:475,1
DA:477,1
DA:478,1
DA:479,0
DA:481,0
DA:482,0
DA:483,0
DA:484,0
DA:485,0
DA:486,0
DA:487,0
DA:488,0
DA:489,2
DA:495,2
DA:496,2
DA:497,2
DA:498,2
DA:499,2
DA:500,2
DA:501,2
DA:502,2
DA:504,2
DA:505,0
DA:506,2
DA:507,2
DA:508,2
DA:509,2
DA:510,2
DA:511,2
DA:512,2
DA:514,0
DA:515,2
DA:517,2
DA:518,2
DA:519,0
DA:520,0
DA:521,2
DA:522,2
DA:523,2
DA:524,2
DA:526,2
DA:529,2
DA:530,2
DA:531,2
DA:532,2
DA:533,2
DA:534,2
DA:535,2
DA:537,1
DA:538,1
DA:540,1
DA:541,1
DA:542,1
DA:543,1
DA:544,1
DA:545,1
DA:546,1
DA:547,1
DA:548,1
DA:549,1
DA:550,1
DA:551,1
DA:552,2
DA:554,2
DA:555,2
DA:556,2
DA:557,2
DA:558,2
DA:559,2
DA:560,2
DA:561,2
DA:563,2
DA:564,0
DA:565,0
DA:566,0
DA:567,0
DA:569,0
DA:570,0
DA:571,0
DA:572,2
DA:578,1
DA:579,1
DA:580,1
DA:581,0
DA:582,0
DA:583,1
DA:584,1
DA:585,1
DA:586,1
DA:587,1
DA:588,0
DA:589,0
DA:590,1
DA:593,2
DA:594,2
DA:595,2
DA:596,2
DA:597,2
DA:598,2
DA:599,2
DA:600,2
DA:601,2
DA:602,2
DA:604,0
DA:605,0
DA:607,0
DA:609,0
DA:610,0
DA:612,0
DA:614,0
DA:616,4
DA:617,4
DA:618,4
DA:619,4
DA:620,4
DA:626,0
DA:627,0
DA:628,0
DA:629,0
DA:630,0
DA:631,0
DA:632,0
DA:633,0
DA:727,7
DA:728,0
DA:729,0
DA:730,0
DA:731,7
DA:734,5
DA:735,5
DA:736,5
DA:737,5
DA:738,5
DA:739,5
DA:740,5
DA:741,5
DA:742,5
DA:743,5
DA:744,5
DA:745,5
DA:746,5
DA:747,5
DA:748,5
DA:749,5
DA:750,5
DA:751,5
DA:752,5
DA:753,5
DA:754,5
DA:755,5
DA:756,5
DA:757,5
DA:758,5
DA:759,5
DA:760,5
DA:761,5
DA:762,5
DA:764,5
DA:765,5
DA:766,5
DA:767,5
DA:768,5
DA:770,5
DA:771,5
DA:773,2
DA:774,2
DA:775,2
DA:776,2
DA:777,2
DA:778,2
DA:779,2
DA:780,2
DA:781,2
DA:782,2
DA:783,2
DA:784,2
DA:785,2
DA:786,2
DA:787,2
DA:788,2
DA:789,2
DA:790,2
DA:791,2
DA:792,2
DA:793,2
DA:794,2
DA:796,2
DA:797,2
DA:800,1
DA:801,1
DA:802,1
DA:803,1
DA:804,1
DA:805,1
DA:807,1
DA:808,1
DA:809,1
DA:810,1
DA:811,1
DA:814,1
DA:815,1
DA:816,1
DA:817,1
DA:818,1
DA:819,1
DA:820,1
DA:821,1
DA:822,1
DA:823,1
DA:824,1
DA:827,1
DA:828,1
DA:829,1
DA:830,1
DA:831,1
DA:832,1
DA:833,1
DA:834,1
DA:835,1
DA:836,1
DA:837,1
DA:838,1
DA:839,1
DA:842,1
DA:843,1
DA:844,1
DA:845,1
DA:846,1
DA:847,1
DA:850,1
DA:851,1
DA:852,1
DA:853,1
DA:854,1
DA:855,1
DA:856,1
DA:857,1
DA:859,1
DA:860,1
DA:861,1
DA:862,1
BRF:0
BRH:0
LF:472
LH:355
end_of_record
SF:/Users/kbukum/DEV/skillsenselab/rskit/crates/rskit-auth/src/password/hasher.rs
FN:41,_RNCNvMNtNtCse119Xhl5TNa_10rskit_auth8password6hasherNtB4_14PasswordHasher4hash0B8_
FN:42,_RNCNvMNtNtCse119Xhl5TNa_10rskit_auth8password6hasherNtB4_14PasswordHasher4hashs_0B8_
FN:52,_RNCNvMNtNtCse119Xhl5TNa_10rskit_auth8password6hasherNtB4_14PasswordHasher6verify0B8_
FN:71,_RNCNvNtNtCse119Xhl5TNa_10rskit_auth8password6hasher17configured_argon20B7_
FN:30,_RNvMNtNtCse119Xhl5TNa_10rskit_auth8password6hasherNtB2_14PasswordHasher3new
FN:35,_RNvMNtNtCse119Xhl5TNa_10rskit_auth8password6hasherNtB2_14PasswordHasher4hash
FN:51,_RNvMNtNtCse119Xhl5TNa_10rskit_auth8password6hasherNtB2_14PasswordHasher6verify
FN:64,_RNvNtNtCse119Xhl5TNa_10rskit_auth8password6hasher17configured_argon2
FN:36,_RNCNvMNtNtCs39EBjOfa4vQ_10rskit_auth8password6hasherNtB4_14PasswordHasher4hash0B8_
FN:37,_RNCNvMNtNtCs39EBjOfa4vQ_10rskit_auth8password6hasherNtB4_14PasswordHasher4hashs_0B8_
FN:47,_RNCNvMNtNtCs39EBjOfa4vQ_10rskit_auth8password6hasherNtB4_14PasswordHasher6verify0B8_
FN:30,_RNvMNtNtCseA4Ma8KPD5_10rskit_auth8password6hasherNtB2_14PasswordHasher3new
FN:35,_RNvMNtNtCseA4Ma8KPD5_10rskit_auth8password6hasherNtB2_14PasswordHasher4hash
FN:51,_RNvMNtNtCseA4Ma8KPD5_10rskit_auth8password6hasherNtB2_14PasswordHasher6verify
FN:64,_RNvNtNtCseA4Ma8KPD5_10rskit_auth8password6hasher17configured_argon2
FN:85,_RNvNtNtNtCseA4Ma8KPD5_10rskit_auth8password6hasher5testss_25hash_and_verify_roundtrip
FN:93,_RNvNtNtNtCseA4Ma8KPD5_10rskit_auth8password6hasher5testss_36hash_uses_locked_group_05_parameters
FN:41,_RNCNvMNtNtCseA4Ma8KPD5_10rskit_auth8password6hasherNtB4_14PasswordHasher4hash0B8_
FN:42,_RNCNvMNtNtCseA4Ma8KPD5_10rskit_auth8password6hasherNtB4_14PasswordHasher4hashs_0B8_
FN:52,_RNCNvMNtNtCseA4Ma8KPD5_10rskit_auth8password6hasherNtB4_14PasswordHasher6verify0B8_
FN:71,_RNCNvNtNtCseA4Ma8KPD5_10rskit_auth8password6hasher17configured_argon20B7_
FNDA:27,_RNCNvMNtNtCse119Xhl5TNa_10rskit_auth8password6hasherNtB4_14PasswordHasher4hash0B8_
FNDA:0,_RNCNvMNtNtCse119Xhl5TNa_10rskit_auth8password6hasherNtB4_14PasswordHasher4hashs_0B8_
FNDA:3,_RNCNvMNtNtCse119Xhl5TNa_10rskit_auth8password6hasherNtB4_14PasswordHasher6verify0B8_
FNDA:0,_RNCNvNtNtCse119Xhl5TNa_10rskit_auth8password6hasher17configured_argon20B7_
FNDA:0,_RNvMNtNtCse119Xhl5TNa_10rskit_auth8password6hasherNtB2_14PasswordHasher3new
FNDA:27,_RNvMNtNtCse119Xhl5TNa_10rskit_auth8password6hasherNtB2_14PasswordHasher4hash
FNDA:26,_RNvMNtNtCse119Xhl5TNa_10rskit_auth8password6hasherNtB2_14PasswordHasher6verify
FNDA:50,_RNvNtNtCse119Xhl5TNa_10rskit_auth8password6hasher17configured_argon2
FNDA:0,_RNCNvMNtNtCs39EBjOfa4vQ_10rskit_auth8password6hasherNtB4_14PasswordHasher4hash0B8_
FNDA:0,_RNCNvMNtNtCs39EBjOfa4vQ_10rskit_auth8password6hasherNtB4_14PasswordHasher4hashs_0B8_
FNDA:0,_RNCNvMNtNtCs39EBjOfa4vQ_10rskit_auth8password6hasherNtB4_14PasswordHasher6verify0B8_
FNDA:0,_RNvMNtNtCseA4Ma8KPD5_10rskit_auth8password6hasherNtB2_14PasswordHasher3new
FNDA:2,_RNvMNtNtCseA4Ma8KPD5_10rskit_auth8password6hasherNtB2_14PasswordHasher4hash
FNDA:2,_RNvMNtNtCseA4Ma8KPD5_10rskit_auth8password6hasherNtB2_14PasswordHasher6verify
FNDA:4,_RNvNtNtCseA4Ma8KPD5_10rskit_auth8password6hasher17configured_argon2
FNDA:1,_RNvNtNtNtCseA4Ma8KPD5_10rskit_auth8password6hasher5testss_25hash_and_verify_roundtrip
FNDA:1,_RNvNtNtNtCseA4Ma8KPD5_10rskit_auth8password6hasher5testss_36hash_uses_locked_group_05_parameters
FNDA:2,_RNCNvMNtNtCseA4Ma8KPD5_10rskit_auth8password6hasherNtB4_14PasswordHasher4hash0B8_
FNDA:0,_RNCNvMNtNtCseA4Ma8KPD5_10rskit_auth8password6hasherNtB4_14PasswordHasher4hashs_0B8_
FNDA:0,_RNCNvMNtNtCseA4Ma8KPD5_10rskit_auth8password6hasherNtB4_14PasswordHasher6verify0B8_
FNDA:0,_RNCNvNtNtCseA4Ma8KPD5_10rskit_auth8password6hasher17configured_argon20B7_
FNF:13
FNH:7
DA:30,0
DA:31,0
DA:32,0
DA:35,29
DA:36,29
DA:37,29
DA:38,29
DA:39,29
DA:40,29
DA:41,29
DA:42,29
DA:43,0
DA:44,0
DA:45,0
DA:47,0
DA:48,29
DA:49,0
DA:50,0
DA:51,28
DA:52,28
DA:53,3
DA:54,3
DA:55,3
DA:57,3
DA:58,25
DA:59,25
DA:60,25
DA:61,28
DA:64,54
DA:65,54
DA:69,54
DA:71,54
DA:72,0
DA:73,0
DA:74,0
DA:76,0
DA:77,54
DA:78,54
DA:85,1
DA:86,1
DA:87,1
DA:88,1
DA:89,1
DA:90,1
DA:93,1
DA:94,1
DA:95,1
DA:96,1
DA:97,1
DA:98,1
DA:99,1
BRF:0
BRH:0
LF:66
LH:41
end_of_record
SF:/Users/kbukum/DEV/skillsenselab/rskit/crates/rskit-auth/src/password/reset.rs
FN:16,_RNvMNtNtCse119Xhl5TNa_10rskit_auth8password5resetNtB2_19ResetTokenGenerator3new
FN:23,_RNvMNtNtCse119Xhl5TNa_10rskit_auth8password5resetNtB2_19ResetTokenGenerator8generate
FN:16,_RNvMNtNtCseA4Ma8KPD5_10rskit_auth8password5resetNtB2_19ResetTokenGenerator3new
FN:23,_RNvMNtNtCseA4Ma8KPD5_10rskit_auth8password5resetNtB2_19ResetTokenGenerator8generate
FN:45,_RNvNtNtNtCseA4Ma8KPD5_10rskit_auth8password5reset5testss_23expiry_is_in_the_future
FN:37,_RNvNtNtNtCseA4Ma8KPD5_10rskit_auth8password5reset5testss_23generates_unique_tokens
FNDA:11,_RNvMNtNtCse119Xhl5TNa_10rskit_auth8password5resetNtB2_19ResetTokenGenerator3new
FNDA:13,_RNvMNtNtCse119Xhl5TNa_10rskit_auth8password5resetNtB2_19ResetTokenGenerator8generate
FNDA:2,_RNvMNtNtCseA4Ma8KPD5_10rskit_auth8password5resetNtB2_19ResetTokenGenerator3new
FNDA:3,_RNvMNtNtCseA4Ma8KPD5_10rskit_auth8password5resetNtB2_19ResetTokenGenerator8generate
FNDA:1,_RNvNtNtNtCseA4Ma8KPD5_10rskit_auth8password5reset5testss_23expiry_is_in_the_future
FNDA:1,_RNvNtNtNtCseA4Ma8KPD5_10rskit_auth8password5reset5testss_23generates_unique_tokens
FNF:4
FNH:4
DA:16,13
DA:17,13
DA:18,13
DA:23,16
DA:24,16
DA:25,16
DA:26,16
DA:27,16
DA:28,16
DA:29,16
DA:37,1
DA:38,1
DA:39,1
DA:40,1
DA:41,1
DA:42,1
DA:45,1
DA:46,1
DA:47,1
DA:48,1
DA:49,1
BRF:0
BRH:0
LF:21
LH:21
end_of_record
SF:/Users/kbukum/DEV/skillsenselab/rskit/crates/rskit-authz/src/checker.rs
FN:11,_RNvYNtNtCsbql6CKp4X3a_11rskit_authz6engine6EngineNtNtB6_7checker7Checker5checkCs9hgcTignKjX_13comprehensive
FN:11,_RNvYNtNtCsbql6CKp4X3a_11rskit_authz6engine6EngineNtNtB6_7checker7Checker5checkCs3Gh7tSpUzKV_11integration
FN:11,_RNvYpNtNtCsbBed1SXMRwj_11rskit_authz7checker7Checker5checkB7_
FNDA:2,_RNvYNtNtCsbql6CKp4X3a_11rskit_authz6engine6EngineNtNtB6_7checker7Checker5checkCs9hgcTignKjX_13comprehensive
FNDA:5,_RNvYNtNtCsbql6CKp4X3a_11rskit_authz6engine6EngineNtNtB6_7checker7Checker5checkCs3Gh7tSpUzKV_11integration
FNDA:0,_RNvYpNtNtCsbBed1SXMRwj_11rskit_authz7checker7Checker5checkB7_
FNF:1
FNH:1
DA:11,7
DA:12,7
DA:13,7
BRF:0
BRH:0
LF:3
LH:3
end_of_record
SF:/Users/kbukum/DEV/skillsenselab/rskit/crates/rskit-authz/src/engine.rs
FN:61,_RNvMNtCsbql6CKp4X3a_11rskit_authz6engineNtB2_10Permission7matches
FN:248,_RNvMs1_NtCsbql6CKp4X3a_11rskit_authz6engineNtB5_6Policy7matches
FN:261,_RNvMs2_NtCsbql6CKp4X3a_11rskit_authz6engineNtB5_9Condition7matches
FN:215,_RNvMs_NtCsbql6CKp4X3a_11rskit_authz6engineNtB4_6Engine11role_allows
FN:165,_RNvMs_NtCsbql6CKp4X3a_11rskit_authz6engineNtB4_6Engine3new
FN:183,_RNvMs_NtCsbql6CKp4X3a_11rskit_authz6engineNtB4_6Engine9authorize
FN:289,_RNvNtCsbql6CKp4X3a_11rskit_authz6engine15attribute_value
FN:285,_RNvNtCsbql6CKp4X3a_11rskit_authz6engine15match_dimension
FN:242,_RNvXs0_NtCsbql6CKp4X3a_11rskit_authz6engineNtB5_6EngineNtNtB7_7checker7Checker9authorize
FN:256,_RNCNvMs1_NtCsbql6CKp4X3a_11rskit_authz6engineNtB7_6Policy7matches0B9_
FN:280,_RNCNvMs2_NtCsbql6CKp4X3a_11rskit_authz6engineNtB7_9Condition7matches0B9_
FN:228,_RNCNvMs_NtCsbql6CKp4X3a_11rskit_authz6engineNtB6_6Engine11role_allows0B8_
FN:294,_RNCNvNtCsbql6CKp4X3a_11rskit_authz6engine15attribute_value0B5_
FN:302,_RNCNvNtCsbql6CKp4X3a_11rskit_authz6engine15attribute_values0_0B5_
FN:300,_RNCNvNtCsbql6CKp4X3a_11rskit_authz6engine15attribute_values_0B5_
FN:256,_RNCNvMs1_NtCsbBed1SXMRwj_11rskit_authz6engineNtB7_6Policy7matches0B9_
FN:280,_RNCNvMs2_NtCsbBed1SXMRwj_11rskit_authz6engineNtB7_9Condition7matches0B9_
FN:228,_RNCNvMs_NtCsbBed1SXMRwj_11rskit_authz6engineNtB6_6Engine11role_allows0B8_
FN:294,_RNCNvNtCsbBed1SXMRwj_11rskit_authz6engine15attribute_value0B5_
FN:302,_RNCNvNtCsbBed1SXMRwj_11rskit_authz6engine15attribute_values0_0B5_
FN:300,_RNCNvNtCsbBed1SXMRwj_11rskit_authz6engine15attribute_values_0B5_
FN:61,_RNvMNtCsbBed1SXMRwj_11rskit_authz6engineNtB2_10Permission7matches
FN:248,_RNvMs1_NtCsbBed1SXMRwj_11rskit_authz6engineNtB5_6Policy7matches
FN:261,_RNvMs2_NtCsbBed1SXMRwj_11rskit_authz6engineNtB5_9Condition7matches
FN:215,_RNvMs_NtCsbBed1SXMRwj_11rskit_authz6engineNtB4_6Engine11role_allows
FN:165,_RNvMs_NtCsbBed1SXMRwj_11rskit_authz6engineNtB4_6Engine3new
FN:183,_RNvMs_NtCsbBed1SXMRwj_11rskit_authz6engineNtB4_6Engine9authorize
FN:289,_RNvNtCsbBed1SXMRwj_11rskit_authz6engine15attribute_value
FN:285,_RNvNtCsbBed1SXMRwj_11rskit_authz6engine15match_dimension
FN:242,_RNvXs0_NtCsbBed1SXMRwj_11rskit_authz6engineNtB5_6EngineNtNtB7_7checker7Checker9authorize
FNDA:8,_RNvMNtCsbql6CKp4X3a_11rskit_authz6engineNtB2_10Permission7matches
FNDA:6,_RNvMs1_NtCsbql6CKp4X3a_11rskit_authz6engineNtB5_6Policy7matches
FNDA:6,_RNvMs2_NtCsbql6CKp4X3a_11rskit_authz6engineNtB5_9Condition7matches
FNDA:10,_RNvMs_NtCsbql6CKp4X3a_11rskit_authz6engineNtB4_6Engine11role_allows
FNDA:6,_RNvMs_NtCsbql6CKp4X3a_11rskit_authz6engineNtB4_6Engine3new
FNDA:10,_RNvMs_NtCsbql6CKp4X3a_11rskit_authz6engineNtB4_6Engine9authorize
FNDA:8,_RNvNtCsbql6CKp4X3a_11rskit_authz6engine15attribute_value
FNDA:12,_RNvNtCsbql6CKp4X3a_11rskit_authz6engine15match_dimension
FNDA:7,_RNvXs0_NtCsbql6CKp4X3a_11rskit_authz6engineNtB5_6EngineNtNtB7_7checker7Checker9authorize
FNDA:6,_RNCNvMs1_NtCsbql6CKp4X3a_11rskit_authz6engineNtB7_6Policy7matches0B9_
FNDA:2,_RNCNvMs2_NtCsbql6CKp4X3a_11rskit_authz6engineNtB7_9Condition7matches0B9_
FNDA:6,_RNCNvMs_NtCsbql6CKp4X3a_11rskit_authz6engineNtB6_6Engine11role_allows0B8_
FNDA:0,_RNCNvNtCsbql6CKp4X3a_11rskit_authz6engine15attribute_value0B5_
FNDA:0,_RNCNvNtCsbql6CKp4X3a_11rskit_authz6engine15attribute_values0_0B5_
FNDA:0,_RNCNvNtCsbql6CKp4X3a_11rskit_authz6engine15attribute_values_0B5_
FNDA:0,_RNCNvMs1_NtCsbBed1SXMRwj_11rskit_authz6engineNtB7_6Policy7matches0B9_
FNDA:0,_RNCNvMs2_NtCsbBed1SXMRwj_11rskit_authz6engineNtB7_9Condition7matches0B9_
FNDA:0,_RNCNvMs_NtCsbBed1SXMRwj_11rskit_authz6engineNtB6_6Engine11role_allows0B8_
FNDA:0,_RNCNvNtCsbBed1SXMRwj_11rskit_authz6engine15attribute_value0B5_
FNDA:0,_RNCNvNtCsbBed1SXMRwj_11rskit_authz6engine15attribute_values0_0B5_
FNDA:0,_RNCNvNtCsbBed1SXMRwj_11rskit_authz6engine15attribute_values_0B5_
FNDA:0,_RNvMNtCsbBed1SXMRwj_11rskit_authz6engineNtB2_10Permission7matches
FNDA:0,_RNvMs1_NtCsbBed1SXMRwj_11rskit_authz6engineNtB5_6Policy7matches
FNDA:0,_RNvMs2_NtCsbBed1SXMRwj_11rskit_authz6engineNtB5_9Condition7matches
FNDA:0,_RNvMs_NtCsbBed1SXMRwj_11rskit_authz6engineNtB4_6Engine11role_allows
FNDA:0,_RNvMs_NtCsbBed1SXMRwj_11rskit_authz6engineNtB4_6Engine3new
FNDA:0,_RNvMs_NtCsbBed1SXMRwj_11rskit_authz6engineNtB4_6Engine9authorize
FNDA:0,_RNvNtCsbBed1SXMRwj_11rskit_authz6engine15attribute_value
FNDA:0,_RNvNtCsbBed1SXMRwj_11rskit_authz6engine15match_dimension
FNDA:0,_RNvXs0_NtCsbBed1SXMRwj_11rskit_authz6engineNtB5_6EngineNtNtB7_7checker7Checker9authorize
FNF:15
FNH:12
DA:61,8
DA:62,8
DA:63,7
DA:64,8
DA:165,6
DA:166,6
DA:167,6
DA:168,5
DA:169,0
DA:170,5
DA:171,5
DA:172,1
DA:173,4
DA:175,5
DA:176,5
DA:177,5
DA:178,5
DA:179,6
DA:183,10
DA:184,10
DA:185,6
DA:186,1
DA:187,1
DA:188,1
DA:189,1
DA:190,5
DA:193,9
DA:194,5
DA:195,2
DA:196,2
DA:197,2
DA:198,2
DA:199,3
DA:202,7
DA:203,3
DA:204,3
DA:205,3
DA:206,3
DA:207,4
DA:209,4
DA:210,4
DA:211,4
DA:212,4
DA:213,10
DA:215,10
DA:216,10
DA:217,10
DA:218,10
DA:219,10
DA:220,10
DA:221,10
DA:222,8
DA:223,0
DA:224,8
DA:225,8
DA:226,2
DA:228,6
DA:229,6
DA:230,6
DA:231,3
DA:232,3
DA:233,3
DA:234,1
DA:235,2
DA:237,6
DA:238,10
DA:242,7
DA:243,7
DA:244,7
DA:248,6
DA:249,6
DA:250,6
DA:252,1
DA:253,5
DA:254,5
DA:255,5
DA:256,6
DA:257,6
DA:261,6
DA:262,6
DA:263,0
DA:266,6
DA:267,6
DA:269,2
DA:270,0
DA:272,2
DA:274,4
DA:277,6
DA:278,2
DA:279,2
DA:280,2
DA:282,6
DA:285,12
DA:286,12
DA:287,12
DA:289,8
DA:290,8
DA:292,2
DA:293,0
DA:294,0
DA:295,2
DA:296,2
DA:298,4
DA:299,4
DA:300,0
DA:301,4
DA:302,0
DA:303,4
DA:305,2
DA:307,8
BRF:0
BRH:0
LF:116
LH:105
end_of_record
SF:/Users/kbukum/DEV/skillsenselab/rskit/crates/rskit-authz/src/matcher.rs
FN:7,_RNvNtCsbql6CKp4X3a_11rskit_authz7matcher13match_pattern
FN:31,_RNvNtCsbql6CKp4X3a_11rskit_authz7matcher15wildcard_equals
FN:27,_RNvNtCsbql6CKp4X3a_11rskit_authz7matcher9match_any
FN:28,_RNCNvNtCsbql6CKp4X3a_11rskit_authz7matcher9match_any0B5_
FN:7,_RNvNtCsbBed1SXMRwj_11rskit_authz7matcher13match_pattern
FN:31,_RNvNtCsbBed1SXMRwj_11rskit_authz7matcher15wildcard_equals
FN:27,_RNvNtCsbBed1SXMRwj_11rskit_authz7matcher9match_any
FN:28,_RNCNvNtCsbBed1SXMRwj_11rskit_authz7matcher9match_any0B5_
FN:40,_RNvNtNtCsbBed1SXMRwj_11rskit_authz7matcher5testss_32match_pattern_supports_wildcards
FN:49,_RNvNtNtCsbBed1SXMRwj_11rskit_authz7matcher5testss_42match_any_returns_false_for_empty_patterns
FNDA:28,_RNvNtCsbql6CKp4X3a_11rskit_authz7matcher13match_pattern
FNDA:6,_RNvNtCsbql6CKp4X3a_11rskit_authz7matcher15wildcard_equals
FNDA:12,_RNvNtCsbql6CKp4X3a_11rskit_authz7matcher9match_any
FNDA:12,_RNCNvNtCsbql6CKp4X3a_11rskit_authz7matcher9match_any0B5_
FNDA:5,_RNvNtCsbBed1SXMRwj_11rskit_authz7matcher13match_pattern
FNDA:6,_RNvNtCsbBed1SXMRwj_11rskit_authz7matcher15wildcard_equals
FNDA:1,_RNvNtCsbBed1SXMRwj_11rskit_authz7matcher9match_any
FNDA:0,_RNCNvNtCsbBed1SXMRwj_11rskit_authz7matcher9match_any0B5_
FNDA:1,_RNvNtNtCsbBed1SXMRwj_11rskit_authz7matcher5testss_32match_pattern_supports_wildcards
FNDA:1,_RNvNtNtCsbBed1SXMRwj_11rskit_authz7matcher5testss_42match_any_returns_false_for_empty_patterns
FNF:6
FNH:6
DA:7,33
DA:8,33
DA:9,24
DA:10,9
DA:12,9
DA:13,9
DA:14,9
DA:15,0
DA:16,9
DA:17,9
DA:18,5
DA:19,4
DA:21,4
DA:22,3
DA:23,33
DA:27,13
DA:28,13
DA:29,13
DA:31,12
DA:32,12
DA:33,12
DA:40,1
DA:41,1
DA:42,1
DA:43,1
DA:44,1
DA:45,1
DA:46,1
DA:49,1
DA:50,1
DA:51,1
BRF:0
BRH:0
LF:32
LH:30
end_of_record
SF:/Users/kbukum/DEV/skillsenselab/rskit/crates/rskit-authz/src/rbac.rs
FN:57,_RNCNvMNtCsgHeOWoUP9ID_11rskit_authz4rbacNtB4_11RbacChecker13remove_policy0B6_
FN:50,_RNvMNtCsgHeOWoUP9ID_11rskit_authz4rbacNtB2_11RbacChecker10add_policy
FN:55,_RNvMNtCsgHeOWoUP9ID_11rskit_authz4rbacNtB2_11RbacChecker13remove_policy
FN:45,_RNvMNtCsgHeOWoUP9ID_11rskit_authz4rbacNtB2_11RbacChecker3new
FN:62,_RNvNtCsgHeOWoUP9ID_11rskit_authz4rbac7matches
FN:68,_RNvXs5_NtCsgHeOWoUP9ID_11rskit_authz4rbacNtB5_11RbacCheckerNtNtB7_7checker7Checker5check
FNDA:0,_RNCNvMNtCsgHeOWoUP9ID_11rskit_authz4rbacNtB4_11RbacChecker13remove_policy0B6_
FNDA:0,_RNvMNtCsgHeOWoUP9ID_11rskit_authz4rbacNtB2_11RbacChecker10add_policy
FNDA:0,_RNvMNtCsgHeOWoUP9ID_11rskit_authz4rbacNtB2_11RbacChecker13remove_policy
FNDA:0,_RNvMNtCsgHeOWoUP9ID_11rskit_authz4rbacNtB2_11RbacChecker3new
FNDA:0,_RNvNtCsgHeOWoUP9ID_11rskit_authz4rbac7matches
FNDA:0,_RNvXs5_NtCsgHeOWoUP9ID_11rskit_authz4rbacNtB5_11RbacCheckerNtNtB7_7checker7Checker5check
FNF:6
FNH:0
DA:45,0
DA:46,0
DA:47,0
DA:50,0
DA:51,0
DA:52,0
DA:55,0
DA:56,0
DA:57,0
DA:58,0
DA:62,0
DA:63,0
DA:64,0
DA:68,0
DA:97,0
BRF:0
BRH:0
LF:16
LH:0
end_of_record
SF:/Users/kbukum/DEV/skillsenselab/rskit/crates/rskit-security/src/lib.rs
FN:115,_RNvMs_CsczAGm6upSwy_14rskit_securityNtB4_21SecurityHeadersConfig18with_frame_options
FN:108,_RNvMs_CsczAGm6upSwy_14rskit_securityNtB4_21SecurityHeadersConfig20with_referrer_policy
FN:101,_RNvMs_CsczAGm6upSwy_14rskit_securityNtB4_21SecurityHeadersConfig23with_permissions_policy
FN:122,_RNvMs_CsczAGm6upSwy_14rskit_securityNtB4_21SecurityHeadersConfig25with_content_type_options
FN:94,_RNvMs_CsczAGm6upSwy_14rskit_securityNtB4_21SecurityHeadersConfig28with_content_security_policy
FN:165,_RNvCsczAGm6upSwy_14rskit_security12header_value
FN:182,_RNvMs0_CsczAGm6upSwy_14rskit_securityNtB5_20SecurityHeadersLayer3new
FN:127,_RNvMs_CsczAGm6upSwy_14rskit_securityNtB4_21SecurityHeadersConfig12header_pairs
FN:87,_RNvMs_CsczAGm6upSwy_14rskit_securityNtB4_21SecurityHeadersConfig23with_transport_security
FN:66,_RNvMs_CsczAGm6upSwy_14rskit_securityNtB4_21SecurityHeadersConfig8validate
FN:49,_RNvXCsczAGm6upSwy_14rskit_securityNtB2_21SecurityHeadersConfigNtNtCsl8K0bEFm1U0_4core7default7Default7default
FN:166,_RNCNvCsczAGm6upSwy_14rskit_security12header_value0B3_
FN:226,_RNCNvXs2_CsczAGm6upSwy_14rskit_securityINtB7_22SecurityHeadersServiceINtNtNtCsatkWqWJ0tQv_5tower4util10service_fn9ServiceFnNCNCNvNtB7_5testss_29defaults_apply_secure_headers00EEINtCsjDYfagJlsEi_13tower_service7ServiceINtNtCs8fRONDfo8h1_4http7request7RequestuEE4call0B7_
FN:226,_RNCNvXs2_CsczAGm6upSwy_14rskit_securityINtB7_22SecurityHeadersServiceINtNtNtCsatkWqWJ0tQv_5tower4util10service_fn9ServiceFnNCNCNvNtB7_5testss_30insecure_local_mode_omits_hsts00EEINtCsjDYfagJlsEi_13tower_service7ServiceINtNtCs8fRONDfo8h1_4http7request7RequestuEE4call0B7_
FN:226,_RNCNvXs2_CsczAGm6upSwy_14rskit_securityINtB7_22SecurityHeadersServiceINtNtNtCsatkWqWJ0tQv_5tower4util10service_fn9ServiceFnNCNCNvNtB7_5testss_36existing_headers_are_not_overwritten00EEINtCsjDYfagJlsEi_13tower_service7ServiceINtNtCs8fRONDfo8h1_4http7request7RequestuEE4call0B7_
FN:191,_RNvXs1_CsczAGm6upSwy_14rskit_securityNtB5_20SecurityHeadersLayerINtCsgMOxnZfI9Jh_11tower_layer5LayerINtNtNtCsatkWqWJ0tQv_5tower4util10service_fn9ServiceFnNCNCNvNtB5_5testss_29defaults_apply_secure_headers00EE5layerB5_
FN:191,_RNvXs1_CsczAGm6upSwy_14rskit_securityNtB5_20SecurityHeadersLayerINtCsgMOxnZfI9Jh_11tower_layer5LayerINtNtNtCsatkWqWJ0tQv_5tower4util10service_fn9ServiceFnNCNCNvNtB5_5testss_30insecure_local_mode_omits_hsts00EE5layerB5_
FN:191,_RNvXs1_CsczAGm6upSwy_14rskit_securityNtB5_20SecurityHeadersLayerINtCsgMOxnZfI9Jh_11tower_layer5LayerINtNtNtCsatkWqWJ0tQv_5tower4util10service_fn9ServiceFnNCNCNvNtB5_5testss_36existing_headers_are_not_overwritten00EE5layerB5_
FN:219,_RNvXs2_CsczAGm6upSwy_14rskit_securityINtB5_22SecurityHeadersServiceINtNtNtCsatkWqWJ0tQv_5tower4util10service_fn9ServiceFnNCNCNvNtB5_5testss_29defaults_apply_secure_headers00EEINtCsjDYfagJlsEi_13tower_service7ServiceINtNtCs8fRONDfo8h1_4http7request7RequestuEE10poll_readyB5_
FN:223,_RNvXs2_CsczAGm6upSwy_14rskit_securityINtB5_22SecurityHeadersServiceINtNtNtCsatkWqWJ0tQv_5tower4util10service_fn9ServiceFnNCNCNvNtB5_5testss_29defaults_apply_secure_headers00EEINtCsjDYfagJlsEi_13tower_service7ServiceINtNtCs8fRONDfo8h1_4http7request7RequestuEE4callB5_
FN:219,_RNvXs2_CsczAGm6upSwy_14rskit_securityINtB5_22SecurityHeadersServiceINtNtNtCsatkWqWJ0tQv_5tower4util10service_fn9ServiceFnNCNCNvNtB5_5testss_30insecure_local_mode_omits_hsts00EEINtCsjDYfagJlsEi_13tower_service7ServiceINtNtCs8fRONDfo8h1_4http7request7RequestuEE10poll_readyB5_
FN:223,_RNvXs2_CsczAGm6upSwy_14rskit_securityINtB5_22SecurityHeadersServiceINtNtNtCsatkWqWJ0tQv_5tower4util10service_fn9ServiceFnNCNCNvNtB5_5testss_30insecure_local_mode_omits_hsts00EEINtCsjDYfagJlsEi_13tower_service7ServiceINtNtCs8fRONDfo8h1_4http7request7RequestuEE4callB5_
FN:219,_RNvXs2_CsczAGm6upSwy_14rskit_securityINtB5_22SecurityHeadersServiceINtNtNtCsatkWqWJ0tQv_5tower4util10service_fn9ServiceFnNCNCNvNtB5_5testss_36existing_headers_are_not_overwritten00EEINtCsjDYfagJlsEi_13tower_service7ServiceINtNtCs8fRONDfo8h1_4http7request7RequestuEE10poll_readyB5_
FN:223,_RNvXs2_CsczAGm6upSwy_14rskit_securityINtB5_22SecurityHeadersServiceINtNtNtCsatkWqWJ0tQv_5tower4util10service_fn9ServiceFnNCNCNvNtB5_5testss_36existing_headers_are_not_overwritten00EEINtCsjDYfagJlsEi_13tower_service7ServiceINtNtCs8fRONDfo8h1_4http7request7RequestuEE4callB5_
FN:249,_RNCNCNCNvNtCsczAGm6upSwy_14rskit_security5testss_29defaults_apply_secure_headers000B9_
FN:282,_RNCNCNCNvNtCsczAGm6upSwy_14rskit_security5testss_30insecure_local_mode_omits_hsts000B9_
FN:297,_RNCNCNCNvNtCsczAGm6upSwy_14rskit_security5testss_36existing_headers_are_not_overwritten000B9_
FN:253,_RNCNCNvNtCsczAGm6upSwy_14rskit_security5testss_29defaults_apply_secure_headers00B7_
FN:286,_RNCNCNvNtCsczAGm6upSwy_14rskit_security5testss_30insecure_local_mode_omits_hsts00B7_
FN:303,_RNCNCNvNtCsczAGm6upSwy_14rskit_security5testss_36existing_headers_are_not_overwritten00B7_
FN:246,_RNCNvNtCsczAGm6upSwy_14rskit_security5testss_29defaults_apply_secure_headers0B5_
FN:273,_RNCNvNtCsczAGm6upSwy_14rskit_security5testss_30insecure_local_mode_omits_hsts0B5_
FN:294,_RNCNvNtCsczAGm6upSwy_14rskit_security5testss_36existing_headers_are_not_overwritten0B5_
FN:246,_RNvNtCsczAGm6upSwy_14rskit_security5testss_29defaults_apply_secure_headers
FN:273,_RNvNtCsczAGm6upSwy_14rskit_security5testss_30insecure_local_mode_omits_hsts
FN:294,_RNvNtCsczAGm6upSwy_14rskit_security5testss_36existing_headers_are_not_overwritten
FNDA:0,_RNvMs_CsczAGm6upSwy_14rskit_securityNtB4_21SecurityHeadersConfig18with_frame_options
FNDA:0,_RNvMs_CsczAGm6upSwy_14rskit_securityNtB4_21SecurityHeadersConfig20with_referrer_policy
FNDA:0,_RNvMs_CsczAGm6upSwy_14rskit_securityNtB4_21SecurityHeadersConfig23with_permissions_policy
FNDA:0,_RNvMs_CsczAGm6upSwy_14rskit_securityNtB4_21SecurityHeadersConfig25with_content_type_options
FNDA:0,_RNvMs_CsczAGm6upSwy_14rskit_securityNtB4_21SecurityHeadersConfig28with_content_security_policy
FNDA:15,_RNvCsczAGm6upSwy_14rskit_security12header_value
FNDA:3,_RNvMs0_CsczAGm6upSwy_14rskit_securityNtB5_20SecurityHeadersLayer3new
FNDA:3,_RNvMs_CsczAGm6upSwy_14rskit_securityNtB4_21SecurityHeadersConfig12header_pairs
FNDA:1,_RNvMs_CsczAGm6upSwy_14rskit_securityNtB4_21SecurityHeadersConfig23with_transport_security
FNDA:6,_RNvMs_CsczAGm6upSwy_14rskit_securityNtB4_21SecurityHeadersConfig8validate
FNDA:3,_RNvXCsczAGm6upSwy_14rskit_securityNtB2_21SecurityHeadersConfigNtNtCsl8K0bEFm1U0_4core7default7Default7default
FNDA:0,_RNCNvCsczAGm6upSwy_14rskit_security12header_value0B3_
FNDA:1,_RNCNvXs2_CsczAGm6upSwy_14rskit_securityINtB7_22SecurityHeadersServiceINtNtNtCsatkWqWJ0tQv_5tower4util10service_fn9ServiceFnNCNCNvNtB7_5testss_29defaults_apply_secure_headers00EEINtCsjDYfagJlsEi_13tower_service7ServiceINtNtCs8fRONDfo8h1_4http7request7RequestuEE4call0B7_
FNDA:1,_RNCNvXs2_CsczAGm6upSwy_14rskit_securityINtB7_22SecurityHeadersServiceINtNtNtCsatkWqWJ0tQv_5tower4util10service_fn9ServiceFnNCNCNvNtB7_5testss_30insecure_local_mode_omits_hsts00EEINtCsjDYfagJlsEi_13tower_service7ServiceINtNtCs8fRONDfo8h1_4http7request7RequestuEE4call0B7_
FNDA:1,_RNCNvXs2_CsczAGm6upSwy_14rskit_securityINtB7_22SecurityHeadersServiceINtNtNtCsatkWqWJ0tQv_5tower4util10service_fn9ServiceFnNCNCNvNtB7_5testss_36existing_headers_are_not_overwritten00EEINtCsjDYfagJlsEi_13tower_service7ServiceINtNtCs8fRONDfo8h1_4http7request7RequestuEE4call0B7_
FNDA:1,_RNvXs1_CsczAGm6upSwy_14rskit_securityNtB5_20SecurityHeadersLayerINtCsgMOxnZfI9Jh_11tower_layer5LayerINtNtNtCsatkWqWJ0tQv_5tower4util10service_fn9ServiceFnNCNCNvNtB5_5testss_29defaults_apply_secure_headers00EE5layerB5_
FNDA:1,_RNvXs1_CsczAGm6upSwy_14rskit_securityNtB5_20SecurityHeadersLayerINtCsgMOxnZfI9Jh_11tower_layer5LayerINtNtNtCsatkWqWJ0tQv_5tower4util10service_fn9ServiceFnNCNCNvNtB5_5testss_30insecure_local_mode_omits_hsts00EE5layerB5_
FNDA:1,_RNvXs1_CsczAGm6upSwy_14rskit_securityNtB5_20SecurityHeadersLayerINtCsgMOxnZfI9Jh_11tower_layer5LayerINtNtNtCsatkWqWJ0tQv_5tower4util10service_fn9ServiceFnNCNCNvNtB5_5testss_36existing_headers_are_not_overwritten00EE5layerB5_
FNDA:1,_RNvXs2_CsczAGm6upSwy_14rskit_securityINtB5_22SecurityHeadersServiceINtNtNtCsatkWqWJ0tQv_5tower4util10service_fn9ServiceFnNCNCNvNtB5_5testss_29defaults_apply_secure_headers00EEINtCsjDYfagJlsEi_13tower_service7ServiceINtNtCs8fRONDfo8h1_4http7request7RequestuEE10poll_readyB5_
FNDA:1,_RNvXs2_CsczAGm6upSwy_14rskit_securityINtB5_22SecurityHeadersServiceINtNtNtCsatkWqWJ0tQv_5tower4util10service_fn9ServiceFnNCNCNvNtB5_5testss_29defaults_apply_secure_headers00EEINtCsjDYfagJlsEi_13tower_service7ServiceINtNtCs8fRONDfo8h1_4http7request7RequestuEE4callB5_
FNDA:1,_RNvXs2_CsczAGm6upSwy_14rskit_securityINtB5_22SecurityHeadersServiceINtNtNtCsatkWqWJ0tQv_5tower4util10service_fn9ServiceFnNCNCNvNtB5_5testss_30insecure_local_mode_omits_hsts00EEINtCsjDYfagJlsEi_13tower_service7ServiceINtNtCs8fRONDfo8h1_4http7request7RequestuEE10poll_readyB5_
FNDA:1,_RNvXs2_CsczAGm6upSwy_14rskit_securityINtB5_22SecurityHeadersServiceINtNtNtCsatkWqWJ0tQv_5tower4util10service_fn9ServiceFnNCNCNvNtB5_5testss_30insecure_local_mode_omits_hsts00EEINtCsjDYfagJlsEi_13tower_service7ServiceINtNtCs8fRONDfo8h1_4http7request7RequestuEE4callB5_
FNDA:1,_RNvXs2_CsczAGm6upSwy_14rskit_securityINtB5_22SecurityHeadersServiceINtNtNtCsatkWqWJ0tQv_5tower4util10service_fn9ServiceFnNCNCNvNtB5_5testss_36existing_headers_are_not_overwritten00EEINtCsjDYfagJlsEi_13tower_service7ServiceINtNtCs8fRONDfo8h1_4http7request7RequestuEE10poll_readyB5_
FNDA:1,_RNvXs2_CsczAGm6upSwy_14rskit_securityINtB5_22SecurityHeadersServiceINtNtNtCsatkWqWJ0tQv_5tower4util10service_fn9ServiceFnNCNCNvNtB5_5testss_36existing_headers_are_not_overwritten00EEINtCsjDYfagJlsEi_13tower_service7ServiceINtNtCs8fRONDfo8h1_4http7request7RequestuEE4callB5_
FNDA:1,_RNCNCNCNvNtCsczAGm6upSwy_14rskit_security5testss_29defaults_apply_secure_headers000B9_
FNDA:1,_RNCNCNCNvNtCsczAGm6upSwy_14rskit_security5testss_30insecure_local_mode_omits_hsts000B9_
FNDA:1,_RNCNCNCNvNtCsczAGm6upSwy_14rskit_security5testss_36existing_headers_are_not_overwritten000B9_
FNDA:1,_RNCNCNvNtCsczAGm6upSwy_14rskit_security5testss_29defaults_apply_secure_headers00B7_
FNDA:1,_RNCNCNvNtCsczAGm6upSwy_14rskit_security5testss_30insecure_local_mode_omits_hsts00B7_
FNDA:1,_RNCNCNvNtCsczAGm6upSwy_14rskit_security5testss_36existing_headers_are_not_overwritten00B7_
FNDA:1,_RNCNvNtCsczAGm6upSwy_14rskit_security5testss_29defaults_apply_secure_headers0B5_
FNDA:1,_RNCNvNtCsczAGm6upSwy_14rskit_security5testss_30insecure_local_mode_omits_hsts0B5_
FNDA:1,_RNCNvNtCsczAGm6upSwy_14rskit_security5testss_36existing_headers_are_not_overwritten0B5_
FNDA:1,_RNvNtCsczAGm6upSwy_14rskit_security5testss_29defaults_apply_secure_headers
FNDA:1,_RNvNtCsczAGm6upSwy_14rskit_security5testss_30insecure_local_mode_omits_hsts
FNDA:1,_RNvNtCsczAGm6upSwy_14rskit_security5testss_36existing_headers_are_not_overwritten
FNF:28
FNH:22
DA:49,3
DA:50,3
DA:51,3
DA:52,3
DA:53,3
DA:54,3
DA:55,3
DA:56,3
DA:57,3
DA:58,3
DA:66,6
DA:67,4
DA:68,6
DA:70,2
DA:71,0
DA:72,0
DA:73,0
DA:74,0
DA:76,0
DA:77,0
DA:78,0
DA:79,0
DA:80,6
DA:82,6
DA:83,6
DA:87,1
DA:88,1
DA:89,1
DA:90,1
DA:94,0
DA:95,0
DA:96,0
DA:97,0
DA:101,0
DA:102,0
DA:103,0
DA:104,0
DA:108,0
DA:109,0
DA:110,0
DA:111,0
DA:115,0
DA:116,0
DA:117,0
DA:118,0
DA:122,0
DA:123,0
DA:124,0
DA:125,0
DA:127,3
DA:128,3
DA:130,3
DA:131,3
DA:132,2
DA:133,2
DA:134,2
DA:135,2
DA:136,2
DA:137,3
DA:138,3
DA:139,3
DA:140,3
DA:142,0
DA:143,3
DA:144,3
DA:145,3
DA:146,3
DA:148,0
DA:149,3
DA:150,3
DA:151,0
DA:152,3
DA:153,3
DA:154,0
DA:155,3
DA:156,3
DA:157,3
DA:158,3
DA:160,0
DA:161,3
DA:162,3
DA:165,15
DA:166,15
DA:167,0
DA:168,0
DA:169,15
DA:182,3
DA:183,3
DA:184,3
DA:185,3
DA:191,3
DA:192,3
DA:193,3
DA:194,3
DA:195,3
DA:196,3
DA:219,3
DA:220,3
DA:221,3
DA:223,3
DA:224,3
DA:225,3
DA:226,3
DA:227,3
DA:228,3
DA:229,3
DA:230,17
DA:231,17
DA:232,17
DA:233,0
DA:234,3
DA:235,3
DA:236,3
DA:246,1
DA:247,1
DA:248,1
DA:249,1
DA:250,1
DA:251,1
DA:252,1
DA:253,2
DA:255,1
DA:256,1
DA:258,1
DA:259,1
DA:260,1
DA:262,1
DA:263,1
DA:264,1
DA:266,1
DA:267,1
DA:268,1
DA:269,1
DA:270,1
DA:273,1
DA:274,1
DA:275,1
DA:276,1
DA:277,1
DA:278,1
DA:279,1
DA:280,1
DA:281,1
DA:282,1
DA:283,1
DA:284,1
DA:285,1
DA:286,2
DA:288,1
DA:289,1
DA:290,1
DA:291,1
DA:294,1
DA:295,1
DA:296,1
DA:297,1
DA:298,1
DA:299,1
DA:300,1
DA:301,1
DA:302,1
DA:303,2
DA:305,1
DA:306,1
DA:307,1
DA:308,1
DA:309,1
DA:310,1
BRF:0
BRH:0
LF:186
LH:149
end_of_record